[2023-11-19T16:16:27.924+0000] {manager.py:487} INFO - Processing files using up to 2 processes at a time 
[2023-11-19T16:16:27.925+0000] {manager.py:488} INFO - Process each file at most once every 30 seconds
[2023-11-19T16:16:27.925+0000] {manager.py:489} INFO - Checking for new files in /opt/airflow/dags every 300 seconds
[2023-11-19T16:16:27.925+0000] {manager.py:755} INFO - Searching for files in /opt/airflow/dags
[2023-11-19T16:16:27.939+0000] {manager.py:758} INFO - There are 1 files in /opt/airflow/dags
[2023-11-19T16:16:27.994+0000] {manager.py:887} INFO - 
================================================================================
DAG File Processing Stats

File Path                            PID  Runtime      # DAGs    # Errors  Last Runtime    Last Run
---------------------------------  -----  ---------  --------  ----------  --------------  ----------
/opt/airflow/dags/outcomes_dag.py     35  0.03s             0           0
================================================================================
[2023-11-19T16:16:58.234+0000] {manager.py:887} INFO - 
================================================================================
DAG File Processing Stats

File Path                          PID    Runtime      # DAGs    # Errors  Last Runtime    Last Run
---------------------------------  -----  ---------  --------  ----------  --------------  -------------------
/opt/airflow/dags/outcomes_dag.py                           1           0  1.18s           2023-11-19T16:16:29
================================================================================
[2023-11-19T16:17:28.770+0000] {manager.py:887} INFO - 
================================================================================
DAG File Processing Stats

File Path                          PID    Runtime      # DAGs    # Errors  Last Runtime    Last Run
---------------------------------  -----  ---------  --------  ----------  --------------  -------------------
/opt/airflow/dags/outcomes_dag.py                           1           0  0.63s           2023-11-19T16:16:59
================================================================================
[2023-11-19T16:17:59.202+0000] {manager.py:887} INFO - 
================================================================================
DAG File Processing Stats

File Path                          PID    Runtime      # DAGs    # Errors  Last Runtime    Last Run
---------------------------------  -----  ---------  --------  ----------  --------------  -------------------
/opt/airflow/dags/outcomes_dag.py                           1           0  1.43s           2023-11-19T16:17:31
================================================================================
[2023-11-19T16:18:29.448+0000] {manager.py:887} INFO - 
================================================================================
DAG File Processing Stats

File Path                          PID    Runtime      # DAGs    # Errors  Last Runtime    Last Run
---------------------------------  -----  ---------  --------  ----------  --------------  -------------------
/opt/airflow/dags/outcomes_dag.py                           1           0  2.58s           2023-11-19T16:18:04
================================================================================
[2023-11-19T16:18:59.995+0000] {manager.py:887} INFO - 
================================================================================
DAG File Processing Stats

File Path                          PID    Runtime      # DAGs    # Errors  Last Runtime    Last Run
---------------------------------  -----  ---------  --------  ----------  --------------  -------------------
/opt/airflow/dags/outcomes_dag.py                           1           0  1.27s           2023-11-19T16:18:35
================================================================================
[2023-11-19T16:19:30.220+0000] {manager.py:887} INFO - 
================================================================================
DAG File Processing Stats

File Path                          PID    Runtime      # DAGs    # Errors  Last Runtime    Last Run
---------------------------------  -----  ---------  --------  ----------  --------------  -------------------
/opt/airflow/dags/outcomes_dag.py                           1           0  0.71s           2023-11-19T16:19:06
================================================================================
[2023-11-19T16:20:00.494+0000] {manager.py:887} INFO - 
================================================================================
DAG File Processing Stats

File Path                          PID    Runtime      # DAGs    # Errors  Last Runtime    Last Run
---------------------------------  -----  ---------  --------  ----------  --------------  -------------------
/opt/airflow/dags/outcomes_dag.py                           1           0  0.58s           2023-11-19T16:19:37
================================================================================
[2023-11-19T16:20:30.980+0000] {manager.py:887} INFO - 
================================================================================
DAG File Processing Stats

File Path                          PID    Runtime      # DAGs    # Errors  Last Runtime    Last Run
---------------------------------  -----  ---------  --------  ----------  --------------  -------------------
/opt/airflow/dags/outcomes_dag.py                           1           0  0.59s           2023-11-19T16:20:08
================================================================================
[2023-11-19T16:21:01.212+0000] {manager.py:887} INFO - 
================================================================================
DAG File Processing Stats

File Path                          PID    Runtime      # DAGs    # Errors  Last Runtime    Last Run
---------------------------------  -----  ---------  --------  ----------  --------------  -------------------
/opt/airflow/dags/outcomes_dag.py                           1           0  0.64s           2023-11-19T16:20:39
================================================================================
[2023-11-19T16:21:28.205+0000] {manager.py:755} INFO - Searching for files in /opt/airflow/dags
[2023-11-19T16:21:28.223+0000] {manager.py:758} INFO - There are 1 files in /opt/airflow/dags
[2023-11-19T16:21:31.256+0000] {manager.py:887} INFO - 
================================================================================
DAG File Processing Stats

File Path                          PID    Runtime      # DAGs    # Errors  Last Runtime    Last Run
---------------------------------  -----  ---------  --------  ----------  --------------  -------------------
/opt/airflow/dags/outcomes_dag.py                           1           0  0.80s           2023-11-19T16:21:10
================================================================================
[2023-11-19T16:22:01.522+0000] {manager.py:887} INFO - 
================================================================================
DAG File Processing Stats

File Path                          PID    Runtime      # DAGs    # Errors  Last Runtime    Last Run
---------------------------------  -----  ---------  --------  ----------  --------------  -------------------
/opt/airflow/dags/outcomes_dag.py                           1           0  0.52s           2023-11-19T16:21:40
================================================================================
[2023-11-19T16:22:31.816+0000] {manager.py:887} INFO - 
================================================================================
DAG File Processing Stats

File Path                          PID    Runtime      # DAGs    # Errors  Last Runtime    Last Run
---------------------------------  -----  ---------  --------  ----------  --------------  -------------------
/opt/airflow/dags/outcomes_dag.py                           1           0  0.56s           2023-11-19T16:22:11
================================================================================
[2023-11-19T16:23:02.132+0000] {manager.py:887} INFO - 
================================================================================
DAG File Processing Stats

File Path                          PID    Runtime      # DAGs    # Errors  Last Runtime    Last Run
---------------------------------  -----  ---------  --------  ----------  --------------  -------------------
/opt/airflow/dags/outcomes_dag.py                           1           0  0.50s           2023-11-19T16:22:42
================================================================================
[2023-11-19T16:23:32.256+0000] {manager.py:887} INFO - 
================================================================================
DAG File Processing Stats

File Path                          PID    Runtime      # DAGs    # Errors  Last Runtime    Last Run
---------------------------------  -----  ---------  --------  ----------  --------------  -------------------
/opt/airflow/dags/outcomes_dag.py                           1           0  0.40s           2023-11-19T16:23:13
================================================================================
[2023-11-19T16:24:02.544+0000] {manager.py:887} INFO - 
================================================================================
DAG File Processing Stats

File Path                          PID    Runtime      # DAGs    # Errors  Last Runtime    Last Run
---------------------------------  -----  ---------  --------  ----------  --------------  -------------------
/opt/airflow/dags/outcomes_dag.py                           1           0  0.51s           2023-11-19T16:23:43
================================================================================
[2023-11-19T16:24:32.792+0000] {manager.py:887} INFO - 
================================================================================
DAG File Processing Stats

File Path                          PID    Runtime      # DAGs    # Errors  Last Runtime    Last Run
---------------------------------  -----  ---------  --------  ----------  --------------  -------------------
/opt/airflow/dags/outcomes_dag.py                           1           0  0.57s           2023-11-19T16:24:14
================================================================================
[2023-11-19T16:25:03.077+0000] {manager.py:887} INFO - 
================================================================================
DAG File Processing Stats

File Path                          PID    Runtime      # DAGs    # Errors  Last Runtime    Last Run
---------------------------------  -----  ---------  --------  ----------  --------------  -------------------
/opt/airflow/dags/outcomes_dag.py                           1           0  0.52s           2023-11-19T16:24:45
================================================================================
[2023-11-19T16:25:33.329+0000] {manager.py:887} INFO - 
================================================================================
DAG File Processing Stats

File Path                          PID    Runtime      # DAGs    # Errors  Last Runtime    Last Run
---------------------------------  -----  ---------  --------  ----------  --------------  -------------------
/opt/airflow/dags/outcomes_dag.py                           1           0  0.63s           2023-11-19T16:25:16
================================================================================
[2023-11-19T16:26:03.611+0000] {manager.py:887} INFO - 
================================================================================
DAG File Processing Stats

File Path                          PID    Runtime      # DAGs    # Errors  Last Runtime    Last Run
---------------------------------  -----  ---------  --------  ----------  --------------  -------------------
/opt/airflow/dags/outcomes_dag.py                           1           0  0.49s           2023-11-19T16:25:46
================================================================================
[2023-11-19T16:26:28.812+0000] {manager.py:755} INFO - Searching for files in /opt/airflow/dags
[2023-11-19T16:26:28.832+0000] {manager.py:758} INFO - There are 1 files in /opt/airflow/dags
[2023-11-19T16:26:33.883+0000] {manager.py:887} INFO - 
================================================================================
DAG File Processing Stats

File Path                          PID    Runtime      # DAGs    # Errors  Last Runtime    Last Run
---------------------------------  -----  ---------  --------  ----------  --------------  -------------------
/opt/airflow/dags/outcomes_dag.py                           1           0  0.61s           2023-11-19T16:26:17
================================================================================
[2023-11-19T16:27:04.118+0000] {manager.py:887} INFO - 
================================================================================
DAG File Processing Stats

File Path                          PID    Runtime      # DAGs    # Errors  Last Runtime    Last Run
---------------------------------  -----  ---------  --------  ----------  --------------  -------------------
/opt/airflow/dags/outcomes_dag.py                           1           0  0.52s           2023-11-19T16:26:48
================================================================================
[2023-11-19T16:27:34.338+0000] {manager.py:887} INFO - 
================================================================================
DAG File Processing Stats

File Path                          PID    Runtime      # DAGs    # Errors  Last Runtime    Last Run
---------------------------------  -----  ---------  --------  ----------  --------------  -------------------
/opt/airflow/dags/outcomes_dag.py                           1           0  0.48s           2023-11-19T16:27:19
================================================================================
[2023-11-19T16:28:05.090+0000] {manager.py:887} INFO - 
================================================================================
DAG File Processing Stats

File Path                          PID    Runtime      # DAGs    # Errors  Last Runtime    Last Run
---------------------------------  -----  ---------  --------  ----------  --------------  -------------------
/opt/airflow/dags/outcomes_dag.py                           1           0  0.54s           2023-11-19T16:27:50
================================================================================
[2023-11-19T16:28:35.345+0000] {manager.py:887} INFO - 
================================================================================
DAG File Processing Stats

File Path                          PID    Runtime      # DAGs    # Errors  Last Runtime    Last Run
---------------------------------  -----  ---------  --------  ----------  --------------  -------------------
/opt/airflow/dags/outcomes_dag.py                           1           0  0.42s           2023-11-19T16:28:20
================================================================================
[2023-11-19T16:29:05.405+0000] {manager.py:887} INFO - 
================================================================================
DAG File Processing Stats

File Path                          PID    Runtime      # DAGs    # Errors  Last Runtime    Last Run
---------------------------------  -----  ---------  --------  ----------  --------------  -------------------
/opt/airflow/dags/outcomes_dag.py                           1           0  0.44s           2023-11-19T16:28:51
================================================================================
[2023-11-19T16:29:35.687+0000] {manager.py:887} INFO - 
================================================================================
DAG File Processing Stats

File Path                          PID    Runtime      # DAGs    # Errors  Last Runtime    Last Run
---------------------------------  -----  ---------  --------  ----------  --------------  -------------------
/opt/airflow/dags/outcomes_dag.py                           1           0  0.45s           2023-11-19T16:29:21
================================================================================
[2023-11-19T16:30:05.783+0000] {manager.py:887} INFO - 
================================================================================
DAG File Processing Stats

File Path                          PID    Runtime      # DAGs    # Errors  Last Runtime    Last Run
---------------------------------  -----  ---------  --------  ----------  --------------  -------------------
/opt/airflow/dags/outcomes_dag.py                           1           0  0.44s           2023-11-19T16:29:52
================================================================================
[2023-11-19T16:30:36.087+0000] {manager.py:887} INFO - 
================================================================================
DAG File Processing Stats

File Path                          PID    Runtime      # DAGs    # Errors  Last Runtime    Last Run
---------------------------------  -----  ---------  --------  ----------  --------------  -------------------
/opt/airflow/dags/outcomes_dag.py                           1           0  0.38s           2023-11-19T16:30:23
================================================================================
[2023-11-19T16:31:06.750+0000] {manager.py:887} INFO - 
================================================================================
DAG File Processing Stats

File Path                          PID    Runtime      # DAGs    # Errors  Last Runtime    Last Run
---------------------------------  -----  ---------  --------  ----------  --------------  -------------------
/opt/airflow/dags/outcomes_dag.py                           1           0  0.36s           2023-11-19T16:30:53
================================================================================
[2023-11-19T16:31:29.275+0000] {manager.py:755} INFO - Searching for files in /opt/airflow/dags
[2023-11-19T16:31:29.295+0000] {manager.py:758} INFO - There are 1 files in /opt/airflow/dags
[2023-11-19T16:31:37.374+0000] {manager.py:887} INFO - 
================================================================================
DAG File Processing Stats

File Path                          PID    Runtime      # DAGs    # Errors  Last Runtime    Last Run
---------------------------------  -----  ---------  --------  ----------  --------------  -------------------
/opt/airflow/dags/outcomes_dag.py                           1           0  0.34s           2023-11-19T16:31:24
================================================================================
[2023-11-19T16:32:07.992+0000] {manager.py:887} INFO - 
================================================================================
DAG File Processing Stats

File Path                          PID    Runtime      # DAGs    # Errors  Last Runtime    Last Run
---------------------------------  -----  ---------  --------  ----------  --------------  -------------------
/opt/airflow/dags/outcomes_dag.py                           1           0  0.38s           2023-11-19T16:31:55
================================================================================
[2023-11-19T16:32:38.009+0000] {manager.py:887} INFO - 
================================================================================
DAG File Processing Stats

File Path                          PID    Runtime      # DAGs    # Errors  Last Runtime    Last Run
---------------------------------  -----  ---------  --------  ----------  --------------  -------------------
/opt/airflow/dags/outcomes_dag.py                           1           0  0.35s           2023-11-19T16:32:25
================================================================================
[2023-11-19T16:33:08.383+0000] {manager.py:887} INFO - 
================================================================================
DAG File Processing Stats

File Path                          PID    Runtime      # DAGs    # Errors  Last Runtime    Last Run
---------------------------------  -----  ---------  --------  ----------  --------------  -------------------
/opt/airflow/dags/outcomes_dag.py                           1           0  0.34s           2023-11-19T16:32:56
================================================================================
[2023-11-19T16:33:38.941+0000] {manager.py:887} INFO - 
================================================================================
DAG File Processing Stats

File Path                          PID    Runtime      # DAGs    # Errors  Last Runtime    Last Run
---------------------------------  -----  ---------  --------  ----------  --------------  -------------------
/opt/airflow/dags/outcomes_dag.py                           1           0  0.37s           2023-11-19T16:33:27
================================================================================
[2023-11-19T16:34:09.578+0000] {manager.py:887} INFO - 
================================================================================
DAG File Processing Stats

File Path                          PID    Runtime      # DAGs    # Errors  Last Runtime    Last Run
---------------------------------  -----  ---------  --------  ----------  --------------  -------------------
/opt/airflow/dags/outcomes_dag.py                           1           0  0.37s           2023-11-19T16:33:57
================================================================================
[2023-11-19T16:34:40.190+0000] {manager.py:887} INFO - 
================================================================================
DAG File Processing Stats

File Path                          PID    Runtime      # DAGs    # Errors  Last Runtime    Last Run
---------------------------------  -----  ---------  --------  ----------  --------------  -------------------
/opt/airflow/dags/outcomes_dag.py                           1           0  0.35s           2023-11-19T16:34:28
================================================================================
[2023-11-19T16:35:10.890+0000] {manager.py:887} INFO - 
================================================================================
DAG File Processing Stats

File Path                          PID    Runtime      # DAGs    # Errors  Last Runtime    Last Run
---------------------------------  -----  ---------  --------  ----------  --------------  -------------------
/opt/airflow/dags/outcomes_dag.py                           1           0  0.34s           2023-11-19T16:34:59
================================================================================
[2023-11-19T17:07:15.992+0000] {manager.py:755} INFO - Searching for files in /opt/airflow/dags
[2023-11-19T17:07:16.025+0000] {manager.py:758} INFO - There are 1 files in /opt/airflow/dags
[2023-11-19T17:07:40.910+0000] {manager.py:887} INFO - 
================================================================================
DAG File Processing Stats

File Path                          PID    Runtime      # DAGs    # Errors  Last Runtime    Last Run
---------------------------------  -----  ---------  --------  ----------  --------------  -------------------
/opt/airflow/dags/outcomes_dag.py                           1           0  1.06s           2023-11-19T17:07:17
================================================================================
[2023-11-19T18:23:10.650+0000] {manager.py:755} INFO - Searching for files in /opt/airflow/dags
[2023-11-19T18:23:10.693+0000] {manager.py:758} INFO - There are 1 files in /opt/airflow/dags
[2023-11-19T18:23:35.672+0000] {manager.py:887} INFO - 
================================================================================
DAG File Processing Stats

File Path                          PID    Runtime      # DAGs    # Errors  Last Runtime    Last Run
---------------------------------  -----  ---------  --------  ----------  --------------  -------------------
/opt/airflow/dags/outcomes_dag.py                           1           0  0.63s           2023-11-19T18:23:11
================================================================================
[2023-11-19T19:18:32.713+0000] {manager.py:755} INFO - Searching for files in /opt/airflow/dags
[2023-11-19T19:18:32.730+0000] {manager.py:758} INFO - There are 1 files in /opt/airflow/dags
[2023-11-19T19:18:58.170+0000] {manager.py:887} INFO - 
================================================================================
DAG File Processing Stats

File Path                          PID    Runtime      # DAGs    # Errors  Last Runtime    Last Run
---------------------------------  -----  ---------  --------  ----------  --------------  -------------------
/opt/airflow/dags/outcomes_dag.py                           1           0  0.52s           2023-11-19T19:18:33
================================================================================
[2023-11-19T19:52:58.111+0000] {manager.py:755} INFO - Searching for files in /opt/airflow/dags
[2023-11-19T19:52:58.138+0000] {manager.py:758} INFO - There are 1 files in /opt/airflow/dags
[2023-11-19T19:53:23.272+0000] {manager.py:887} INFO - 
================================================================================
DAG File Processing Stats

File Path                          PID    Runtime      # DAGs    # Errors  Last Runtime    Last Run
---------------------------------  -----  ---------  --------  ----------  --------------  -------------------
/opt/airflow/dags/outcomes_dag.py                           1           0  0.82s           2023-11-19T19:52:58
================================================================================
[2023-11-19T19:53:53.866+0000] {manager.py:887} INFO - 
================================================================================
DAG File Processing Stats

File Path                          PID    Runtime      # DAGs    # Errors  Last Runtime    Last Run
---------------------------------  -----  ---------  --------  ----------  --------------  -------------------
/opt/airflow/dags/outcomes_dag.py                           1           0  0.40s           2023-11-19T19:53:29
================================================================================
[2023-11-19T21:16:13.445+0000] {manager.py:755} INFO - Searching for files in /opt/airflow/dags
[2023-11-19T21:16:13.464+0000] {manager.py:758} INFO - There are 1 files in /opt/airflow/dags
[2023-11-19T21:16:40.396+0000] {manager.py:887} INFO - 
================================================================================
DAG File Processing Stats

File Path                          PID    Runtime      # DAGs    # Errors  Last Runtime    Last Run
---------------------------------  -----  ---------  --------  ----------  --------------  -------------------
/opt/airflow/dags/outcomes_dag.py                           1           0  0.61s           2023-11-19T21:16:14
================================================================================
[2023-11-19T22:58:11.476+0000] {manager.py:755} INFO - Searching for files in /opt/airflow/dags
[2023-11-19T22:58:11.490+0000] {manager.py:758} INFO - There are 1 files in /opt/airflow/dags
[2023-11-19T22:58:38.433+0000] {manager.py:887} INFO - 
================================================================================
DAG File Processing Stats

File Path                          PID    Runtime      # DAGs    # Errors  Last Runtime    Last Run
---------------------------------  -----  ---------  --------  ----------  --------------  -------------------
/opt/airflow/dags/outcomes_dag.py                           1           0  0.74s           2023-11-19T22:58:12
================================================================================
[2023-11-20T00:22:31.295+0000] {manager.py:755} INFO - Searching for files in /opt/airflow/dags
[2023-11-20T00:22:31.450+0000] {manager.py:758} INFO - There are 1 files in /opt/airflow/dags
[2023-11-20T00:22:58.795+0000] {manager.py:887} INFO - 
================================================================================
DAG File Processing Stats

File Path                          PID    Runtime      # DAGs    # Errors  Last Runtime    Last Run
---------------------------------  -----  ---------  --------  ----------  --------------  -------------------
/opt/airflow/dags/outcomes_dag.py                           1           0  0.93s           2023-11-20T00:22:32
================================================================================
[2023-11-20T01:48:58.508+0000] {manager.py:755} INFO - Searching for files in /opt/airflow/dags
[2023-11-20T01:48:58.517+0000] {manager.py:758} INFO - There are 1 files in /opt/airflow/dags
[2023-11-20T01:49:27.046+0000] {manager.py:887} INFO - 
================================================================================
DAG File Processing Stats

File Path                          PID    Runtime      # DAGs    # Errors  Last Runtime    Last Run
---------------------------------  -----  ---------  --------  ----------  --------------  -------------------
/opt/airflow/dags/outcomes_dag.py                           1           0  0.43s           2023-11-20T01:48:58
================================================================================
[2023-11-20T02:56:11.974+0000] {manager.py:755} INFO - Searching for files in /opt/airflow/dags
[2023-11-20T02:56:12.005+0000] {manager.py:758} INFO - There are 1 files in /opt/airflow/dags
[2023-11-20T02:56:40.127+0000] {manager.py:887} INFO - 
================================================================================
DAG File Processing Stats

File Path                          PID    Runtime      # DAGs    # Errors  Last Runtime    Last Run
---------------------------------  -----  ---------  --------  ----------  --------------  -------------------
/opt/airflow/dags/outcomes_dag.py                           1           0  0.66s           2023-11-20T02:56:12
================================================================================
[2023-11-20T03:13:18.021+0000] {manager.py:755} INFO - Searching for files in /opt/airflow/dags
[2023-11-20T03:13:18.040+0000] {manager.py:758} INFO - There are 1 files in /opt/airflow/dags
[2023-11-20T03:13:46.925+0000] {manager.py:887} INFO - 
================================================================================
DAG File Processing Stats

File Path                          PID    Runtime      # DAGs    # Errors  Last Runtime    Last Run
---------------------------------  -----  ---------  --------  ----------  --------------  -------------------
/opt/airflow/dags/outcomes_dag.py                           1           0  0.60s           2023-11-20T03:13:18
================================================================================
[2023-11-20T03:30:45.010+0000] {manager.py:755} INFO - Searching for files in /opt/airflow/dags
[2023-11-20T03:30:45.035+0000] {manager.py:758} INFO - There are 1 files in /opt/airflow/dags
[2023-11-20T03:31:14.405+0000] {manager.py:887} INFO - 
================================================================================
DAG File Processing Stats

File Path                          PID    Runtime      # DAGs    # Errors  Last Runtime    Last Run
---------------------------------  -----  ---------  --------  ----------  --------------  -------------------
/opt/airflow/dags/outcomes_dag.py                           1           0  0.94s           2023-11-20T03:30:46
================================================================================
[2023-11-20T03:47:36.943+0000] {manager.py:755} INFO - Searching for files in /opt/airflow/dags
[2023-11-20T03:47:36.966+0000] {manager.py:758} INFO - There are 1 files in /opt/airflow/dags
[2023-11-20T03:47:37.013+0000] {manager.py:887} INFO - 
================================================================================
DAG File Processing Stats

File Path                            PID  Runtime      # DAGs    # Errors  Last Runtime    Last Run
---------------------------------  -----  ---------  --------  ----------  --------------  -------------------
/opt/airflow/dags/outcomes_dag.py    668  0.01s             1           0  0.41s           2023-11-20T03:31:16
================================================================================
[2023-11-20T03:48:07.375+0000] {manager.py:887} INFO - 
================================================================================
DAG File Processing Stats

File Path                          PID    Runtime      # DAGs    # Errors  Last Runtime    Last Run
---------------------------------  -----  ---------  --------  ----------  --------------  -------------------
/opt/airflow/dags/outcomes_dag.py                           1           0  0.98s           2023-11-20T03:47:37
================================================================================
[2023-11-20T04:04:01.873+0000] {manager.py:755} INFO - Searching for files in /opt/airflow/dags
[2023-11-20T04:04:01.964+0000] {manager.py:758} INFO - There are 1 files in /opt/airflow/dags
[2023-11-20T04:04:02.447+0000] {manager.py:887} INFO - 
================================================================================
DAG File Processing Stats

File Path                          PID    Runtime      # DAGs    # Errors  Last Runtime    Last Run
---------------------------------  -----  ---------  --------  ----------  --------------  -------------------
/opt/airflow/dags/outcomes_dag.py                           1           0  0.47s           2023-11-20T04:04:02
================================================================================
[2023-11-20T04:04:32.851+0000] {manager.py:887} INFO - 
================================================================================
DAG File Processing Stats

File Path                            PID  Runtime      # DAGs    # Errors  Last Runtime    Last Run
---------------------------------  -----  ---------  --------  ----------  --------------  -------------------
/opt/airflow/dags/outcomes_dag.py    695  0.01s             1           0  0.47s           2023-11-20T04:04:02
================================================================================
[2023-11-20T04:05:03.301+0000] {manager.py:887} INFO - 
================================================================================
DAG File Processing Stats

File Path                            PID  Runtime      # DAGs    # Errors  Last Runtime    Last Run
---------------------------------  -----  ---------  --------  ----------  --------------  -------------------
/opt/airflow/dags/outcomes_dag.py    704  0.01s             1           0  0.40s           2023-11-20T04:04:33
================================================================================
[2023-11-20T04:22:59.123+0000] {manager.py:755} INFO - Searching for files in /opt/airflow/dags
[2023-11-20T04:22:59.149+0000] {manager.py:758} INFO - There are 1 files in /opt/airflow/dags
[2023-11-20T04:23:01.023+0000] {manager.py:887} INFO - 
================================================================================
DAG File Processing Stats

File Path                          PID    Runtime      # DAGs    # Errors  Last Runtime    Last Run
---------------------------------  -----  ---------  --------  ----------  --------------  -------------------
/opt/airflow/dags/outcomes_dag.py                           1           0  0.82s           2023-11-20T04:23:00
================================================================================
[2023-11-20T04:23:31.614+0000] {manager.py:887} INFO - 
================================================================================
DAG File Processing Stats

File Path                          PID    Runtime      # DAGs    # Errors  Last Runtime    Last Run
---------------------------------  -----  ---------  --------  ----------  --------------  -------------------
/opt/airflow/dags/outcomes_dag.py                           1           0  0.36s           2023-11-20T04:23:30
================================================================================
[2023-11-20T04:39:27.074+0000] {manager.py:755} INFO - Searching for files in /opt/airflow/dags
[2023-11-20T04:39:27.090+0000] {manager.py:758} INFO - There are 1 files in /opt/airflow/dags
[2023-11-20T04:39:30.003+0000] {manager.py:887} INFO - 
================================================================================
DAG File Processing Stats

File Path                          PID    Runtime      # DAGs    # Errors  Last Runtime    Last Run
---------------------------------  -----  ---------  --------  ----------  --------------  -------------------
/opt/airflow/dags/outcomes_dag.py                           1           0  0.87s           2023-11-20T04:39:27
================================================================================
[2023-11-20T04:40:00.526+0000] {manager.py:887} INFO - 
================================================================================
DAG File Processing Stats

File Path                          PID    Runtime      # DAGs    # Errors  Last Runtime    Last Run
---------------------------------  -----  ---------  --------  ----------  --------------  -------------------
/opt/airflow/dags/outcomes_dag.py                           1           0  0.41s           2023-11-20T04:39:58
================================================================================
[2023-11-20T04:57:27.951+0000] {manager.py:755} INFO - Searching for files in /opt/airflow/dags
[2023-11-20T04:57:27.980+0000] {manager.py:758} INFO - There are 1 files in /opt/airflow/dags
[2023-11-20T04:57:31.852+0000] {manager.py:887} INFO - 
================================================================================
DAG File Processing Stats

File Path                          PID    Runtime      # DAGs    # Errors  Last Runtime    Last Run
---------------------------------  -----  ---------  --------  ----------  --------------  -------------------
/opt/airflow/dags/outcomes_dag.py                           1           0  0.81s           2023-11-20T04:57:28
================================================================================
[2023-11-20T04:58:02.548+0000] {manager.py:887} INFO - 
================================================================================
DAG File Processing Stats

File Path                          PID    Runtime      # DAGs    # Errors  Last Runtime    Last Run
---------------------------------  -----  ---------  --------  ----------  --------------  -------------------
/opt/airflow/dags/outcomes_dag.py                           1           0  0.49s           2023-11-20T04:57:59
================================================================================
[2023-11-20T05:15:31.070+0000] {manager.py:755} INFO - Searching for files in /opt/airflow/dags
[2023-11-20T05:15:31.082+0000] {manager.py:758} INFO - There are 1 files in /opt/airflow/dags
[2023-11-20T05:15:36.140+0000] {manager.py:887} INFO - 
================================================================================
DAG File Processing Stats

File Path                          PID    Runtime      # DAGs    # Errors  Last Runtime    Last Run
---------------------------------  -----  ---------  --------  ----------  --------------  -------------------
/opt/airflow/dags/outcomes_dag.py                           1           0  0.32s           2023-11-20T05:15:31
================================================================================
[2023-11-20T05:16:06.848+0000] {manager.py:887} INFO - 
================================================================================
DAG File Processing Stats

File Path                          PID    Runtime      # DAGs    # Errors  Last Runtime    Last Run
---------------------------------  -----  ---------  --------  ----------  --------------  -------------------
/opt/airflow/dags/outcomes_dag.py                           1           0  0.42s           2023-11-20T05:16:01
================================================================================
[2023-11-20T05:33:30.868+0000] {manager.py:755} INFO - Searching for files in /opt/airflow/dags
[2023-11-20T05:33:30.884+0000] {manager.py:758} INFO - There are 1 files in /opt/airflow/dags
[2023-11-20T05:33:35.980+0000] {manager.py:887} INFO - 
================================================================================
DAG File Processing Stats

File Path                          PID    Runtime      # DAGs    # Errors  Last Runtime    Last Run
---------------------------------  -----  ---------  --------  ----------  --------------  -------------------
/opt/airflow/dags/outcomes_dag.py                           1           0  0.62s           2023-11-20T05:33:31
================================================================================
[2023-11-20T05:34:05.993+0000] {manager.py:887} INFO - 
================================================================================
DAG File Processing Stats

File Path                          PID    Runtime      # DAGs    # Errors  Last Runtime    Last Run
---------------------------------  -----  ---------  --------  ----------  --------------  -------------------
/opt/airflow/dags/outcomes_dag.py                           1           0  0.34s           2023-11-20T05:34:02
================================================================================
[2023-11-20T05:34:36.400+0000] {manager.py:887} INFO - 
================================================================================
DAG File Processing Stats

File Path                          PID    Runtime      # DAGs    # Errors  Last Runtime    Last Run
---------------------------------  -----  ---------  --------  ----------  --------------  -------------------
/opt/airflow/dags/outcomes_dag.py                           1           0  0.50s           2023-11-20T05:34:33
================================================================================
[2023-11-20T05:52:28.313+0000] {manager.py:755} INFO - Searching for files in /opt/airflow/dags
[2023-11-20T05:52:28.326+0000] {manager.py:758} INFO - There are 1 files in /opt/airflow/dags
[2023-11-20T05:52:34.419+0000] {manager.py:887} INFO - 
================================================================================
DAG File Processing Stats

File Path                          PID    Runtime      # DAGs    # Errors  Last Runtime    Last Run
---------------------------------  -----  ---------  --------  ----------  --------------  -------------------
/opt/airflow/dags/outcomes_dag.py                           1           0  0.34s           2023-11-20T05:52:28
================================================================================
[2023-11-20T05:53:05.128+0000] {manager.py:887} INFO - 
================================================================================
DAG File Processing Stats

File Path                          PID    Runtime      # DAGs    # Errors  Last Runtime    Last Run
---------------------------------  -----  ---------  --------  ----------  --------------  -------------------
/opt/airflow/dags/outcomes_dag.py                           1           0  0.33s           2023-11-20T05:52:59
================================================================================
[2023-11-20T06:11:13.295+0000] {manager.py:755} INFO - Searching for files in /opt/airflow/dags
[2023-11-20T06:11:13.322+0000] {manager.py:758} INFO - There are 1 files in /opt/airflow/dags
[2023-11-20T06:11:20.127+0000] {manager.py:887} INFO - 
================================================================================
DAG File Processing Stats

File Path                          PID    Runtime      # DAGs    # Errors  Last Runtime    Last Run
---------------------------------  -----  ---------  --------  ----------  --------------  -------------------
/opt/airflow/dags/outcomes_dag.py                           1           0  0.72s           2023-11-20T06:11:14
================================================================================
[2023-11-20T06:11:50.847+0000] {manager.py:887} INFO - 
================================================================================
DAG File Processing Stats

File Path                          PID    Runtime      # DAGs    # Errors  Last Runtime    Last Run
---------------------------------  -----  ---------  --------  ----------  --------------  -------------------
/opt/airflow/dags/outcomes_dag.py                           1           0  0.35s           2023-11-20T06:11:44
================================================================================
[2023-11-20T06:29:19.181+0000] {manager.py:755} INFO - Searching for files in /opt/airflow/dags
[2023-11-20T06:29:19.192+0000] {manager.py:758} INFO - There are 1 files in /opt/airflow/dags
[2023-11-20T06:29:27.321+0000] {manager.py:887} INFO - 
================================================================================
DAG File Processing Stats

File Path                          PID    Runtime      # DAGs    # Errors  Last Runtime    Last Run
---------------------------------  -----  ---------  --------  ----------  --------------  -------------------
/opt/airflow/dags/outcomes_dag.py                           1           0  0.32s           2023-11-20T06:29:19
================================================================================
[2023-11-20T06:29:57.966+0000] {manager.py:887} INFO - 
================================================================================
DAG File Processing Stats

File Path                          PID    Runtime      # DAGs    # Errors  Last Runtime    Last Run
---------------------------------  -----  ---------  --------  ----------  --------------  -------------------
/opt/airflow/dags/outcomes_dag.py                           1           0  0.41s           2023-11-20T06:29:50
================================================================================
[2023-11-20T06:47:30.953+0000] {manager.py:755} INFO - Searching for files in /opt/airflow/dags
[2023-11-20T06:47:30.972+0000] {manager.py:758} INFO - There are 1 files in /opt/airflow/dags
[2023-11-20T06:47:39.113+0000] {manager.py:887} INFO - 
================================================================================
DAG File Processing Stats

File Path                          PID    Runtime      # DAGs    # Errors  Last Runtime    Last Run
---------------------------------  -----  ---------  --------  ----------  --------------  -------------------
/opt/airflow/dags/outcomes_dag.py                           1           0  0.73s           2023-11-20T06:47:31
================================================================================
[2023-11-20T06:48:09.449+0000] {manager.py:887} INFO - 
================================================================================
DAG File Processing Stats

File Path                          PID    Runtime      # DAGs    # Errors  Last Runtime    Last Run
---------------------------------  -----  ---------  --------  ----------  --------------  -------------------
/opt/airflow/dags/outcomes_dag.py                           1           0  0.39s           2023-11-20T06:48:02
================================================================================
[2023-11-20T07:03:39.936+0000] {manager.py:755} INFO - Searching for files in /opt/airflow/dags
[2023-11-20T07:03:39.956+0000] {manager.py:758} INFO - There are 1 files in /opt/airflow/dags
[2023-11-20T07:03:48.949+0000] {manager.py:887} INFO - 
================================================================================
DAG File Processing Stats

File Path                          PID    Runtime      # DAGs    # Errors  Last Runtime    Last Run
---------------------------------  -----  ---------  --------  ----------  --------------  -------------------
/opt/airflow/dags/outcomes_dag.py                           1           0  0.87s           2023-11-20T07:03:40
================================================================================
[2023-11-20T07:04:19.488+0000] {manager.py:887} INFO - 
================================================================================
DAG File Processing Stats

File Path                          PID    Runtime      # DAGs    # Errors  Last Runtime    Last Run
---------------------------------  -----  ---------  --------  ----------  --------------  -------------------
/opt/airflow/dags/outcomes_dag.py                           1           0  0.41s           2023-11-20T07:04:11
================================================================================
[2023-11-20T07:19:52.862+0000] {manager.py:755} INFO - Searching for files in /opt/airflow/dags
[2023-11-20T07:19:52.907+0000] {manager.py:758} INFO - There are 1 files in /opt/airflow/dags
[2023-11-20T07:20:03.091+0000] {manager.py:887} INFO - 
================================================================================
DAG File Processing Stats

File Path                          PID    Runtime      # DAGs    # Errors  Last Runtime    Last Run
---------------------------------  -----  ---------  --------  ----------  --------------  -------------------
/opt/airflow/dags/outcomes_dag.py                           1           0  1.06s           2023-11-20T07:19:54
================================================================================
[2023-11-20T07:20:33.505+0000] {manager.py:887} INFO - 
================================================================================
DAG File Processing Stats

File Path                          PID    Runtime      # DAGs    # Errors  Last Runtime    Last Run
---------------------------------  -----  ---------  --------  ----------  --------------  -------------------
/opt/airflow/dags/outcomes_dag.py                           1           0  0.39s           2023-11-20T07:20:24
================================================================================
[2023-11-20T07:21:03.825+0000] {manager.py:887} INFO - 
================================================================================
DAG File Processing Stats

File Path                          PID    Runtime      # DAGs    # Errors  Last Runtime    Last Run
---------------------------------  -----  ---------  --------  ----------  --------------  -------------------
/opt/airflow/dags/outcomes_dag.py                           1           0  0.36s           2023-11-20T07:20:55
================================================================================
[2023-11-20T07:37:39.186+0000] {manager.py:755} INFO - Searching for files in /opt/airflow/dags
[2023-11-20T07:37:39.201+0000] {manager.py:758} INFO - There are 1 files in /opt/airflow/dags
[2023-11-20T07:37:51.403+0000] {manager.py:887} INFO - 
================================================================================
DAG File Processing Stats

File Path                          PID    Runtime      # DAGs    # Errors  Last Runtime    Last Run
---------------------------------  -----  ---------  --------  ----------  --------------  -------------------
/opt/airflow/dags/outcomes_dag.py                           1           0  0.40s           2023-11-20T07:37:39
================================================================================
[2023-11-20T07:38:22.109+0000] {manager.py:887} INFO - 
================================================================================
DAG File Processing Stats

File Path                          PID    Runtime      # DAGs    # Errors  Last Runtime    Last Run
---------------------------------  -----  ---------  --------  ----------  --------------  -------------------
/opt/airflow/dags/outcomes_dag.py                           1           0  0.37s           2023-11-20T07:38:10
================================================================================
[2023-11-20T07:55:54.265+0000] {manager.py:755} INFO - Searching for files in /opt/airflow/dags
[2023-11-20T07:55:54.293+0000] {manager.py:758} INFO - There are 1 files in /opt/airflow/dags
[2023-11-20T07:56:07.473+0000] {manager.py:887} INFO - 
================================================================================
DAG File Processing Stats

File Path                          PID    Runtime      # DAGs    # Errors  Last Runtime    Last Run
---------------------------------  -----  ---------  --------  ----------  --------------  -------------------
/opt/airflow/dags/outcomes_dag.py                           1           0  0.44s           2023-11-20T07:55:54
================================================================================
[2023-11-20T07:56:38.251+0000] {manager.py:887} INFO - 
================================================================================
DAG File Processing Stats

File Path                          PID    Runtime      # DAGs    # Errors  Last Runtime    Last Run
---------------------------------  -----  ---------  --------  ----------  --------------  -------------------
/opt/airflow/dags/outcomes_dag.py                           1           0  0.37s           2023-11-20T07:56:25
================================================================================
[2023-11-20T08:13:49.031+0000] {manager.py:755} INFO - Searching for files in /opt/airflow/dags
[2023-11-20T08:13:49.049+0000] {manager.py:758} INFO - There are 1 files in /opt/airflow/dags
[2023-11-20T08:14:02.226+0000] {manager.py:887} INFO - 
================================================================================
DAG File Processing Stats

File Path                          PID    Runtime      # DAGs    # Errors  Last Runtime    Last Run
---------------------------------  -----  ---------  --------  ----------  --------------  -------------------
/opt/airflow/dags/outcomes_dag.py                           1           0  0.83s           2023-11-20T08:13:49
================================================================================
[2023-11-20T08:14:32.509+0000] {manager.py:887} INFO - 
================================================================================
DAG File Processing Stats

File Path                          PID    Runtime      # DAGs    # Errors  Last Runtime    Last Run
---------------------------------  -----  ---------  --------  ----------  --------------  -------------------
/opt/airflow/dags/outcomes_dag.py                           1           0  0.36s           2023-11-20T08:14:20
================================================================================
[2023-11-20T08:31:13.922+0000] {manager.py:755} INFO - Searching for files in /opt/airflow/dags
[2023-11-20T08:31:13.941+0000] {manager.py:758} INFO - There are 1 files in /opt/airflow/dags
[2023-11-20T08:31:28.531+0000] {manager.py:887} INFO - 
================================================================================
DAG File Processing Stats

File Path                          PID    Runtime      # DAGs    # Errors  Last Runtime    Last Run
---------------------------------  -----  ---------  --------  ----------  --------------  -------------------
/opt/airflow/dags/outcomes_dag.py                           1           0  0.40s           2023-11-20T08:31:14
================================================================================
[2023-11-20T08:31:58.937+0000] {manager.py:887} INFO - 
================================================================================
DAG File Processing Stats

File Path                          PID    Runtime      # DAGs    # Errors  Last Runtime    Last Run
---------------------------------  -----  ---------  --------  ----------  --------------  -------------------
/opt/airflow/dags/outcomes_dag.py                           1           0  0.41s           2023-11-20T08:31:45
================================================================================
[2023-11-20T08:37:21.851+0000] {manager.py:755} INFO - Searching for files in /opt/airflow/dags
[2023-11-20T08:37:21.983+0000] {manager.py:758} INFO - There are 1 files in /opt/airflow/dags
[2023-11-20T08:37:36.045+0000] {manager.py:887} INFO - 
================================================================================
DAG File Processing Stats

File Path                          PID    Runtime      # DAGs    # Errors  Last Runtime    Last Run
---------------------------------  -----  ---------  --------  ----------  --------------  -------------------
/opt/airflow/dags/outcomes_dag.py                           1           0  0.86s           2023-11-20T08:37:22
================================================================================
[2023-11-20T08:38:06.570+0000] {manager.py:887} INFO - 
================================================================================
DAG File Processing Stats

File Path                          PID    Runtime      # DAGs    # Errors  Last Runtime    Last Run
---------------------------------  -----  ---------  --------  ----------  --------------  -------------------
/opt/airflow/dags/outcomes_dag.py                           1           0  0.39s           2023-11-20T08:37:53
================================================================================
[2023-11-20T08:54:17.942+0000] {manager.py:755} INFO - Searching for files in /opt/airflow/dags
[2023-11-20T08:54:17.950+0000] {manager.py:758} INFO - There are 1 files in /opt/airflow/dags
[2023-11-20T08:54:33.099+0000] {manager.py:887} INFO - 
================================================================================
DAG File Processing Stats

File Path                          PID    Runtime      # DAGs    # Errors  Last Runtime    Last Run
---------------------------------  -----  ---------  --------  ----------  --------------  -------------------
/opt/airflow/dags/outcomes_dag.py                           1           0  0.45s           2023-11-20T08:54:18
================================================================================
[2023-11-20T08:55:03.362+0000] {manager.py:887} INFO - 
================================================================================
DAG File Processing Stats

File Path                          PID    Runtime      # DAGs    # Errors  Last Runtime    Last Run
---------------------------------  -----  ---------  --------  ----------  --------------  -------------------
/opt/airflow/dags/outcomes_dag.py                           1           0  0.44s           2023-11-20T08:54:49
================================================================================
[2023-11-20T08:55:33.821+0000] {manager.py:887} INFO - 
================================================================================
DAG File Processing Stats

File Path                          PID    Runtime      # DAGs    # Errors  Last Runtime    Last Run
---------------------------------  -----  ---------  --------  ----------  --------------  -------------------
/opt/airflow/dags/outcomes_dag.py                           1           0  0.35s           2023-11-20T08:55:19
================================================================================
[2023-11-20T09:12:09.159+0000] {manager.py:755} INFO - Searching for files in /opt/airflow/dags
[2023-11-20T09:12:09.182+0000] {manager.py:758} INFO - There are 1 files in /opt/airflow/dags
[2023-11-20T09:12:25.440+0000] {manager.py:887} INFO - 
================================================================================
DAG File Processing Stats

File Path                          PID    Runtime      # DAGs    # Errors  Last Runtime    Last Run
---------------------------------  -----  ---------  --------  ----------  --------------  -------------------
/opt/airflow/dags/outcomes_dag.py                           1           0  0.32s           2023-11-20T09:12:09
================================================================================
[2023-11-20T09:12:55.771+0000] {manager.py:887} INFO - 
================================================================================
DAG File Processing Stats

File Path                          PID    Runtime      # DAGs    # Errors  Last Runtime    Last Run
---------------------------------  -----  ---------  --------  ----------  --------------  -------------------
/opt/airflow/dags/outcomes_dag.py                           1           0  0.46s           2023-11-20T09:12:40
================================================================================
[2023-11-20T09:30:16.262+0000] {manager.py:755} INFO - Searching for files in /opt/airflow/dags
[2023-11-20T09:30:16.280+0000] {manager.py:758} INFO - There are 1 files in /opt/airflow/dags
[2023-11-20T09:30:33.499+0000] {manager.py:887} INFO - 
================================================================================
DAG File Processing Stats

File Path                          PID    Runtime      # DAGs    # Errors  Last Runtime    Last Run
---------------------------------  -----  ---------  --------  ----------  --------------  -------------------
/opt/airflow/dags/outcomes_dag.py                           1           0  0.35s           2023-11-20T09:30:16
================================================================================
[2023-11-20T09:31:03.752+0000] {manager.py:887} INFO - 
================================================================================
DAG File Processing Stats

File Path                          PID    Runtime      # DAGs    # Errors  Last Runtime    Last Run
---------------------------------  -----  ---------  --------  ----------  --------------  -------------------
/opt/airflow/dags/outcomes_dag.py                           1           0  0.49s           2023-11-20T09:30:47
================================================================================
[2023-11-20T09:48:41.996+0000] {manager.py:755} INFO - Searching for files in /opt/airflow/dags
[2023-11-20T09:48:42.017+0000] {manager.py:758} INFO - There are 1 files in /opt/airflow/dags
[2023-11-20T09:48:59.034+0000] {manager.py:887} INFO - 
================================================================================
DAG File Processing Stats

File Path                          PID    Runtime      # DAGs    # Errors  Last Runtime    Last Run
---------------------------------  -----  ---------  --------  ----------  --------------  -------------------
/opt/airflow/dags/outcomes_dag.py                           1           0  0.84s           2023-11-20T09:48:42
================================================================================
[2023-11-20T09:49:29.619+0000] {manager.py:887} INFO - 
================================================================================
DAG File Processing Stats

File Path                          PID    Runtime      # DAGs    # Errors  Last Runtime    Last Run
---------------------------------  -----  ---------  --------  ----------  --------------  -------------------
/opt/airflow/dags/outcomes_dag.py                           1           0  0.36s           2023-11-20T09:49:13
================================================================================
[2023-11-20T10:05:31.898+0000] {manager.py:755} INFO - Searching for files in /opt/airflow/dags
[2023-11-20T10:05:31.917+0000] {manager.py:758} INFO - There are 1 files in /opt/airflow/dags
[2023-11-20T10:05:49.986+0000] {manager.py:887} INFO - 
================================================================================
DAG File Processing Stats

File Path                          PID    Runtime      # DAGs    # Errors  Last Runtime    Last Run
---------------------------------  -----  ---------  --------  ----------  --------------  -------------------
/opt/airflow/dags/outcomes_dag.py                           1           0  0.84s           2023-11-20T10:05:32
================================================================================
[2023-11-20T10:06:20.571+0000] {manager.py:887} INFO - 
================================================================================
DAG File Processing Stats

File Path                          PID    Runtime      # DAGs    # Errors  Last Runtime    Last Run
---------------------------------  -----  ---------  --------  ----------  --------------  -------------------
/opt/airflow/dags/outcomes_dag.py                           1           0  0.37s           2023-11-20T10:06:03
================================================================================
[2023-11-20T10:22:55.845+0000] {manager.py:755} INFO - Searching for files in /opt/airflow/dags
[2023-11-20T10:22:55.883+0000] {manager.py:758} INFO - There are 1 files in /opt/airflow/dags
[2023-11-20T10:23:14.978+0000] {manager.py:887} INFO - 
================================================================================
DAG File Processing Stats

File Path                          PID    Runtime      # DAGs    # Errors  Last Runtime    Last Run
---------------------------------  -----  ---------  --------  ----------  --------------  -------------------
/opt/airflow/dags/outcomes_dag.py                           1           0  0.88s           2023-11-20T10:22:56
================================================================================
[2023-11-20T10:23:45.588+0000] {manager.py:887} INFO - 
================================================================================
DAG File Processing Stats

File Path                          PID    Runtime      # DAGs    # Errors  Last Runtime    Last Run
---------------------------------  -----  ---------  --------  ----------  --------------  -------------------
/opt/airflow/dags/outcomes_dag.py                           1           0  0.37s           2023-11-20T10:23:27
================================================================================
[2023-11-20T10:24:16.133+0000] {manager.py:887} INFO - 
================================================================================
DAG File Processing Stats

File Path                          PID    Runtime      # DAGs    # Errors  Last Runtime    Last Run
---------------------------------  -----  ---------  --------  ----------  --------------  -------------------
/opt/airflow/dags/outcomes_dag.py                           1           0  0.57s           2023-11-20T10:23:58
================================================================================
[2023-11-20T10:42:03.711+0000] {manager.py:755} INFO - Searching for files in /opt/airflow/dags
[2023-11-20T10:42:03.725+0000] {manager.py:758} INFO - There are 1 files in /opt/airflow/dags
[2023-11-20T10:42:24.649+0000] {manager.py:887} INFO - 
================================================================================
DAG File Processing Stats

File Path                          PID    Runtime      # DAGs    # Errors  Last Runtime    Last Run
---------------------------------  -----  ---------  --------  ----------  --------------  -------------------
/opt/airflow/dags/outcomes_dag.py                           1           0  0.64s           2023-11-20T10:42:04
================================================================================
[2023-11-20T10:42:54.957+0000] {manager.py:887} INFO - 
================================================================================
DAG File Processing Stats

File Path                          PID    Runtime      # DAGs    # Errors  Last Runtime    Last Run
---------------------------------  -----  ---------  --------  ----------  --------------  -------------------
/opt/airflow/dags/outcomes_dag.py                           1           0  0.37s           2023-11-20T10:42:35
================================================================================
[2023-11-20T11:00:14.073+0000] {manager.py:755} INFO - Searching for files in /opt/airflow/dags
[2023-11-20T11:00:14.090+0000] {manager.py:758} INFO - There are 1 files in /opt/airflow/dags
[2023-11-20T11:00:35.154+0000] {manager.py:887} INFO - 
================================================================================
DAG File Processing Stats

File Path                          PID    Runtime      # DAGs    # Errors  Last Runtime    Last Run
---------------------------------  -----  ---------  --------  ----------  --------------  -------------------
/opt/airflow/dags/outcomes_dag.py                           1           0  0.81s           2023-11-20T11:00:14
================================================================================
[2023-11-20T11:01:05.856+0000] {manager.py:887} INFO - 
================================================================================
DAG File Processing Stats

File Path                          PID    Runtime      # DAGs    # Errors  Last Runtime    Last Run
---------------------------------  -----  ---------  --------  ----------  --------------  -------------------
/opt/airflow/dags/outcomes_dag.py                           1           0  0.36s           2023-11-20T11:00:45
================================================================================
[2023-11-20T11:18:19.989+0000] {manager.py:755} INFO - Searching for files in /opt/airflow/dags
[2023-11-20T11:18:20.006+0000] {manager.py:758} INFO - There are 1 files in /opt/airflow/dags
[2023-11-20T11:18:42.063+0000] {manager.py:887} INFO - 
================================================================================
DAG File Processing Stats

File Path                          PID    Runtime      # DAGs    # Errors  Last Runtime    Last Run
---------------------------------  -----  ---------  --------  ----------  --------------  -------------------
/opt/airflow/dags/outcomes_dag.py                           1           0  0.80s           2023-11-20T11:18:20
================================================================================
[2023-11-20T11:19:12.919+0000] {manager.py:887} INFO - 
================================================================================
DAG File Processing Stats

File Path                          PID    Runtime      # DAGs    # Errors  Last Runtime    Last Run
---------------------------------  -----  ---------  --------  ----------  --------------  -------------------
/opt/airflow/dags/outcomes_dag.py                           1           0  0.34s           2023-11-20T11:18:51
================================================================================
[2023-11-20T11:35:02.917+0000] {manager.py:755} INFO - Searching for files in /opt/airflow/dags
[2023-11-20T11:35:02.934+0000] {manager.py:758} INFO - There are 1 files in /opt/airflow/dags
[2023-11-20T11:35:26.142+0000] {manager.py:887} INFO - 
================================================================================
DAG File Processing Stats

File Path                          PID    Runtime      # DAGs    # Errors  Last Runtime    Last Run
---------------------------------  -----  ---------  --------  ----------  --------------  -------------------
/opt/airflow/dags/outcomes_dag.py                           1           0  0.89s           2023-11-20T11:35:03
================================================================================
[2023-11-20T11:35:56.727+0000] {manager.py:887} INFO - 
================================================================================
DAG File Processing Stats

File Path                          PID    Runtime      # DAGs    # Errors  Last Runtime    Last Run
---------------------------------  -----  ---------  --------  ----------  --------------  -------------------
/opt/airflow/dags/outcomes_dag.py                           1           0  0.36s           2023-11-20T11:35:34
================================================================================
[2023-11-20T11:53:54.892+0000] {manager.py:755} INFO - Searching for files in /opt/airflow/dags
[2023-11-20T11:53:54.928+0000] {manager.py:758} INFO - There are 1 files in /opt/airflow/dags
[2023-11-20T11:54:19.205+0000] {manager.py:887} INFO - 
================================================================================
DAG File Processing Stats

File Path                          PID    Runtime      # DAGs    # Errors  Last Runtime    Last Run
---------------------------------  -----  ---------  --------  ----------  --------------  -------------------
/opt/airflow/dags/outcomes_dag.py                           1           0  0.93s           2023-11-20T11:53:55
================================================================================
[2023-11-20T11:54:49.670+0000] {manager.py:887} INFO - 
================================================================================
DAG File Processing Stats

File Path                          PID    Runtime      # DAGs    # Errors  Last Runtime    Last Run
---------------------------------  -----  ---------  --------  ----------  --------------  -------------------
/opt/airflow/dags/outcomes_dag.py                           1           0  0.34s           2023-11-20T11:54:26
================================================================================
[2023-11-20T12:12:23.797+0000] {manager.py:755} INFO - Searching for files in /opt/airflow/dags
[2023-11-20T12:12:23.849+0000] {manager.py:758} INFO - There are 1 files in /opt/airflow/dags
[2023-11-20T12:12:49.200+0000] {manager.py:887} INFO - 
================================================================================
DAG File Processing Stats

File Path                          PID    Runtime      # DAGs    # Errors  Last Runtime    Last Run
---------------------------------  -----  ---------  --------  ----------  --------------  -------------------
/opt/airflow/dags/outcomes_dag.py                           1           0  1.00s           2023-11-20T12:12:24
================================================================================
[2023-11-20T12:13:19.630+0000] {manager.py:887} INFO - 
================================================================================
DAG File Processing Stats

File Path                          PID    Runtime      # DAGs    # Errors  Last Runtime    Last Run
---------------------------------  -----  ---------  --------  ----------  --------------  -------------------
/opt/airflow/dags/outcomes_dag.py                           1           0  0.37s           2023-11-20T12:12:55
================================================================================
[2023-11-20T12:13:50.341+0000] {manager.py:887} INFO - 
================================================================================
DAG File Processing Stats

File Path                          PID    Runtime      # DAGs    # Errors  Last Runtime    Last Run
---------------------------------  -----  ---------  --------  ----------  --------------  -------------------
/opt/airflow/dags/outcomes_dag.py                           1           0  0.47s           2023-11-20T12:13:26
================================================================================
[2023-11-20T12:30:24.580+0000] {manager.py:755} INFO - Searching for files in /opt/airflow/dags
[2023-11-20T12:30:24.592+0000] {manager.py:758} INFO - There are 1 files in /opt/airflow/dags
[2023-11-20T12:30:51.421+0000] {manager.py:887} INFO - 
================================================================================
DAG File Processing Stats

File Path                          PID    Runtime      # DAGs    # Errors  Last Runtime    Last Run
---------------------------------  -----  ---------  --------  ----------  --------------  -------------------
/opt/airflow/dags/outcomes_dag.py                           1           0  0.50s           2023-11-20T12:30:25
================================================================================
[2023-11-20T12:31:22.027+0000] {manager.py:887} INFO - 
================================================================================
DAG File Processing Stats

File Path                          PID    Runtime      # DAGs    # Errors  Last Runtime    Last Run
---------------------------------  -----  ---------  --------  ----------  --------------  -------------------
/opt/airflow/dags/outcomes_dag.py                           1           0  0.36s           2023-11-20T12:30:55
================================================================================
[2023-11-20T12:47:28.060+0000] {manager.py:755} INFO - Searching for files in /opt/airflow/dags
[2023-11-20T12:47:28.078+0000] {manager.py:758} INFO - There are 1 files in /opt/airflow/dags
[2023-11-20T12:47:55.094+0000] {manager.py:887} INFO - 
================================================================================
DAG File Processing Stats

File Path                          PID    Runtime      # DAGs    # Errors  Last Runtime    Last Run
---------------------------------  -----  ---------  --------  ----------  --------------  -------------------
/opt/airflow/dags/outcomes_dag.py                           1           0  0.71s           2023-11-20T12:47:28
================================================================================
[2023-11-20T12:48:25.821+0000] {manager.py:887} INFO - 
================================================================================
DAG File Processing Stats

File Path                          PID    Runtime      # DAGs    # Errors  Last Runtime    Last Run
---------------------------------  -----  ---------  --------  ----------  --------------  -------------------
/opt/airflow/dags/outcomes_dag.py                           1           0  0.37s           2023-11-20T12:47:59
================================================================================
[2023-11-20T13:03:53.014+0000] {manager.py:755} INFO - Searching for files in /opt/airflow/dags
[2023-11-20T13:03:53.031+0000] {manager.py:758} INFO - There are 1 files in /opt/airflow/dags
[2023-11-20T13:04:21.135+0000] {manager.py:887} INFO - 
================================================================================
DAG File Processing Stats

File Path                          PID    Runtime      # DAGs    # Errors  Last Runtime    Last Run
---------------------------------  -----  ---------  --------  ----------  --------------  -------------------
/opt/airflow/dags/outcomes_dag.py                           1           0  0.79s           2023-11-20T13:03:53
================================================================================
[2023-11-20T13:04:51.915+0000] {manager.py:887} INFO - 
================================================================================
DAG File Processing Stats

File Path                          PID    Runtime      # DAGs    # Errors  Last Runtime    Last Run
---------------------------------  -----  ---------  --------  ----------  --------------  -------------------
/opt/airflow/dags/outcomes_dag.py                           1           0  0.36s           2023-11-20T13:04:24
================================================================================
[2023-11-20T13:22:35.961+0000] {manager.py:755} INFO - Searching for files in /opt/airflow/dags
[2023-11-20T13:22:35.978+0000] {manager.py:758} INFO - There are 1 files in /opt/airflow/dags
[2023-11-20T13:23:05.129+0000] {manager.py:887} INFO - 
================================================================================
DAG File Processing Stats

File Path                          PID    Runtime      # DAGs    # Errors  Last Runtime    Last Run
---------------------------------  -----  ---------  --------  ----------  --------------  -------------------
/opt/airflow/dags/outcomes_dag.py                           1           0  0.76s           2023-11-20T13:22:36
================================================================================
[2023-11-20T13:39:26.866+0000] {manager.py:755} INFO - Searching for files in /opt/airflow/dags
[2023-11-20T13:39:26.887+0000] {manager.py:758} INFO - There are 1 files in /opt/airflow/dags
[2023-11-20T13:39:26.918+0000] {manager.py:887} INFO - 
================================================================================
DAG File Processing Stats

File Path                            PID  Runtime      # DAGs    # Errors  Last Runtime    Last Run
---------------------------------  -----  ---------  --------  ----------  --------------  -------------------
/opt/airflow/dags/outcomes_dag.py   1332  0.01s             1           0  0.33s           2023-11-20T13:23:07
================================================================================
[2023-11-20T13:39:57.250+0000] {manager.py:887} INFO - 
================================================================================
DAG File Processing Stats

File Path                          PID    Runtime      # DAGs    # Errors  Last Runtime    Last Run
---------------------------------  -----  ---------  --------  ----------  --------------  -------------------
/opt/airflow/dags/outcomes_dag.py                           1           0  0.58s           2023-11-20T13:39:27
================================================================================
[2023-11-20T13:57:05.808+0000] {manager.py:755} INFO - Searching for files in /opt/airflow/dags
[2023-11-20T13:57:05.824+0000] {manager.py:758} INFO - There are 1 files in /opt/airflow/dags
[2023-11-20T13:57:06.564+0000] {manager.py:887} INFO - 
================================================================================
DAG File Processing Stats

File Path                          PID    Runtime      # DAGs    # Errors  Last Runtime    Last Run
---------------------------------  -----  ---------  --------  ----------  --------------  -------------------
/opt/airflow/dags/outcomes_dag.py                           1           0  0.72s           2023-11-20T13:57:06
================================================================================
[2023-11-20T13:57:36.963+0000] {manager.py:887} INFO - 
================================================================================
DAG File Processing Stats

File Path                            PID  Runtime      # DAGs    # Errors  Last Runtime    Last Run
---------------------------------  -----  ---------  --------  ----------  --------------  -------------------
/opt/airflow/dags/outcomes_dag.py   1359  0.02s             1           0  0.72s           2023-11-20T13:57:06
================================================================================
[2023-11-20T13:58:07.726+0000] {manager.py:887} INFO - 
================================================================================
DAG File Processing Stats

File Path                            PID  Runtime      # DAGs    # Errors  Last Runtime    Last Run
---------------------------------  -----  ---------  --------  ----------  --------------  -------------------
/opt/airflow/dags/outcomes_dag.py   1368  0.00s             1           0  0.39s           2023-11-20T13:57:37
================================================================================
[2023-11-20T14:15:10.287+0000] {manager.py:755} INFO - Searching for files in /opt/airflow/dags
[2023-11-20T14:15:10.306+0000] {manager.py:758} INFO - There are 1 files in /opt/airflow/dags
[2023-11-20T14:15:11.956+0000] {manager.py:887} INFO - 
================================================================================
DAG File Processing Stats

File Path                          PID    Runtime      # DAGs    # Errors  Last Runtime    Last Run
---------------------------------  -----  ---------  --------  ----------  --------------  -------------------
/opt/airflow/dags/outcomes_dag.py                           1           0  0.61s           2023-11-20T14:15:10
================================================================================
[2023-11-20T14:15:42.299+0000] {manager.py:887} INFO - 
================================================================================
DAG File Processing Stats

File Path                          PID    Runtime      # DAGs    # Errors  Last Runtime    Last Run
---------------------------------  -----  ---------  --------  ----------  --------------  -------------------
/opt/airflow/dags/outcomes_dag.py                           1           0  0.38s           2023-11-20T14:15:41
================================================================================
[2023-11-20T14:16:12.776+0000] {manager.py:887} INFO - 
================================================================================
DAG File Processing Stats

File Path                          PID    Runtime      # DAGs    # Errors  Last Runtime    Last Run
---------------------------------  -----  ---------  --------  ----------  --------------  -------------------
/opt/airflow/dags/outcomes_dag.py                           1           0  0.34s           2023-11-20T14:16:12
================================================================================
[2023-11-20T14:16:43.390+0000] {manager.py:887} INFO - 
================================================================================
DAG File Processing Stats

File Path                          PID    Runtime      # DAGs    # Errors  Last Runtime    Last Run
---------------------------------  -----  ---------  --------  ----------  --------------  -------------------
/opt/airflow/dags/outcomes_dag.py                           1           0  0.30s           2023-11-20T14:16:42
================================================================================
[2023-11-20T14:33:41.959+0000] {manager.py:755} INFO - Searching for files in /opt/airflow/dags
[2023-11-20T14:33:41.978+0000] {manager.py:758} INFO - There are 1 files in /opt/airflow/dags
[2023-11-20T14:33:45.915+0000] {manager.py:887} INFO - 
================================================================================
DAG File Processing Stats

File Path                          PID    Runtime      # DAGs    # Errors  Last Runtime    Last Run
---------------------------------  -----  ---------  --------  ----------  --------------  -------------------
/opt/airflow/dags/outcomes_dag.py                           1           0  0.85s           2023-11-20T14:33:42
================================================================================
[2023-11-20T14:34:16.466+0000] {manager.py:887} INFO - 
================================================================================
DAG File Processing Stats

File Path                          PID    Runtime      # DAGs    # Errors  Last Runtime    Last Run
---------------------------------  -----  ---------  --------  ----------  --------------  -------------------
/opt/airflow/dags/outcomes_dag.py                           1           0  0.36s           2023-11-20T14:34:13
================================================================================
[2023-11-20T14:51:04.888+0000] {manager.py:755} INFO - Searching for files in /opt/airflow/dags
[2023-11-20T14:51:04.908+0000] {manager.py:758} INFO - There are 1 files in /opt/airflow/dags
[2023-11-20T14:51:09.809+0000] {manager.py:887} INFO - 
================================================================================
DAG File Processing Stats

File Path                          PID    Runtime      # DAGs    # Errors  Last Runtime    Last Run
---------------------------------  -----  ---------  --------  ----------  --------------  -------------------
/opt/airflow/dags/outcomes_dag.py                           1           0  0.82s           2023-11-20T14:51:05
================================================================================
[2023-11-20T14:51:40.320+0000] {manager.py:887} INFO - 
================================================================================
DAG File Processing Stats

File Path                          PID    Runtime      # DAGs    # Errors  Last Runtime    Last Run
---------------------------------  -----  ---------  --------  ----------  --------------  -------------------
/opt/airflow/dags/outcomes_dag.py                           1           0  0.35s           2023-11-20T14:51:36
================================================================================
[2023-11-20T15:09:35.831+0000] {manager.py:755} INFO - Searching for files in /opt/airflow/dags
[2023-11-20T15:09:35.848+0000] {manager.py:758} INFO - There are 1 files in /opt/airflow/dags
[2023-11-20T15:09:40.789+0000] {manager.py:887} INFO - 
================================================================================
DAG File Processing Stats

File Path                          PID    Runtime      # DAGs    # Errors  Last Runtime    Last Run
---------------------------------  -----  ---------  --------  ----------  --------------  -------------------
/opt/airflow/dags/outcomes_dag.py                           1           0  0.87s           2023-11-20T15:09:36
================================================================================
[2023-11-20T15:10:11.322+0000] {manager.py:887} INFO - 
================================================================================
DAG File Processing Stats

File Path                          PID    Runtime      # DAGs    # Errors  Last Runtime    Last Run
---------------------------------  -----  ---------  --------  ----------  --------------  -------------------
/opt/airflow/dags/outcomes_dag.py                           1           0  0.36s           2023-11-20T15:10:07
================================================================================
[2023-11-20T15:27:13.827+0000] {manager.py:755} INFO - Searching for files in /opt/airflow/dags
[2023-11-20T15:27:13.848+0000] {manager.py:758} INFO - There are 1 files in /opt/airflow/dags
[2023-11-20T15:27:19.573+0000] {manager.py:887} INFO - 
================================================================================
DAG File Processing Stats

File Path                          PID    Runtime      # DAGs    # Errors  Last Runtime    Last Run
---------------------------------  -----  ---------  --------  ----------  --------------  -------------------
/opt/airflow/dags/outcomes_dag.py                           1           0  0.61s           2023-11-20T15:27:14
================================================================================
[2023-11-20T15:27:50.429+0000] {manager.py:887} INFO - 
================================================================================
DAG File Processing Stats

File Path                          PID    Runtime      # DAGs    # Errors  Last Runtime    Last Run
---------------------------------  -----  ---------  --------  ----------  --------------  -------------------
/opt/airflow/dags/outcomes_dag.py                           1           0  0.45s           2023-11-20T15:27:45
================================================================================
[2023-11-20T15:28:20.877+0000] {manager.py:887} INFO - 
================================================================================
DAG File Processing Stats

File Path                          PID    Runtime      # DAGs    # Errors  Last Runtime    Last Run
---------------------------------  -----  ---------  --------  ----------  --------------  -------------------
/opt/airflow/dags/outcomes_dag.py                           1           0  0.51s           2023-11-20T15:28:16
================================================================================
[2023-11-20T15:45:17.195+0000] {manager.py:755} INFO - Searching for files in /opt/airflow/dags
[2023-11-20T15:45:17.211+0000] {manager.py:758} INFO - There are 1 files in /opt/airflow/dags
[2023-11-20T15:45:25.319+0000] {manager.py:887} INFO - 
================================================================================
DAG File Processing Stats

File Path                          PID    Runtime      # DAGs    # Errors  Last Runtime    Last Run
---------------------------------  -----  ---------  --------  ----------  --------------  -------------------
/opt/airflow/dags/outcomes_dag.py                           1           0  0.31s           2023-11-20T15:45:17
================================================================================
[2023-11-20T15:45:55.654+0000] {manager.py:887} INFO - 
================================================================================
DAG File Processing Stats

File Path                          PID    Runtime      # DAGs    # Errors  Last Runtime    Last Run
---------------------------------  -----  ---------  --------  ----------  --------------  -------------------
/opt/airflow/dags/outcomes_dag.py                           1           0  0.45s           2023-11-20T15:45:48
================================================================================
[2023-11-20T16:01:33.074+0000] {manager.py:755} INFO - Searching for files in /opt/airflow/dags
[2023-11-20T16:01:33.093+0000] {manager.py:758} INFO - There are 1 files in /opt/airflow/dags
[2023-11-20T16:01:40.968+0000] {manager.py:887} INFO - 
================================================================================
DAG File Processing Stats

File Path                          PID    Runtime      # DAGs    # Errors  Last Runtime    Last Run
---------------------------------  -----  ---------  --------  ----------  --------------  -------------------
/opt/airflow/dags/outcomes_dag.py                           1           0  0.78s           2023-11-20T16:01:33
================================================================================
[2023-11-20T16:02:11.665+0000] {manager.py:887} INFO - 
================================================================================
DAG File Processing Stats

File Path                          PID    Runtime      # DAGs    # Errors  Last Runtime    Last Run
---------------------------------  -----  ---------  --------  ----------  --------------  -------------------
/opt/airflow/dags/outcomes_dag.py                           1           0  0.36s           2023-11-20T16:02:04
================================================================================
[2023-11-20T16:18:07.974+0000] {manager.py:755} INFO - Searching for files in /opt/airflow/dags
[2023-11-20T16:18:07.990+0000] {manager.py:758} INFO - There are 1 files in /opt/airflow/dags
[2023-11-20T16:18:16.881+0000] {manager.py:887} INFO - 
================================================================================
DAG File Processing Stats

File Path                          PID    Runtime      # DAGs    # Errors  Last Runtime    Last Run
---------------------------------  -----  ---------  --------  ----------  --------------  -------------------
/opt/airflow/dags/outcomes_dag.py                           1           0  0.79s           2023-11-20T16:18:08
================================================================================
[2023-11-20T16:18:47.566+0000] {manager.py:887} INFO - 
================================================================================
DAG File Processing Stats

File Path                          PID    Runtime      # DAGs    # Errors  Last Runtime    Last Run
---------------------------------  -----  ---------  --------  ----------  --------------  -------------------
/opt/airflow/dags/outcomes_dag.py                           1           0  0.36s           2023-11-20T16:18:39
================================================================================
[2023-11-20T16:25:41.684+0000] {manager.py:755} INFO - Searching for files in /opt/airflow/dags
[2023-11-20T16:25:41.699+0000] {manager.py:758} INFO - There are 1 files in /opt/airflow/dags
[2023-11-20T16:25:51.837+0000] {manager.py:887} INFO - 
================================================================================
DAG File Processing Stats

File Path                          PID    Runtime      # DAGs    # Errors  Last Runtime    Last Run
---------------------------------  -----  ---------  --------  ----------  --------------  -------------------
/opt/airflow/dags/outcomes_dag.py                           1           0  1.00s           2023-11-20T16:25:42
================================================================================
[2023-11-20T16:26:22.181+0000] {manager.py:887} INFO - 
================================================================================
DAG File Processing Stats

File Path                          PID    Runtime      # DAGs    # Errors  Last Runtime    Last Run
---------------------------------  -----  ---------  --------  ----------  --------------  -------------------
/opt/airflow/dags/outcomes_dag.py                           1           0  0.65s           2023-11-20T16:26:13
================================================================================
[2023-11-20T16:26:52.420+0000] {manager.py:887} INFO - 
================================================================================
DAG File Processing Stats

File Path                          PID    Runtime      # DAGs    # Errors  Last Runtime    Last Run
---------------------------------  -----  ---------  --------  ----------  --------------  -------------------
/opt/airflow/dags/outcomes_dag.py                           1           0  0.44s           2023-11-20T16:26:44
================================================================================
[2023-11-20T16:27:22.717+0000] {manager.py:887} INFO - 
================================================================================
DAG File Processing Stats

File Path                          PID    Runtime      # DAGs    # Errors  Last Runtime    Last Run
---------------------------------  -----  ---------  --------  ----------  --------------  -------------------
/opt/airflow/dags/outcomes_dag.py                           1           0  0.62s           2023-11-20T16:27:15
================================================================================
[2023-11-20T16:27:52.989+0000] {manager.py:887} INFO - 
================================================================================
DAG File Processing Stats

File Path                          PID    Runtime      # DAGs    # Errors  Last Runtime    Last Run
---------------------------------  -----  ---------  --------  ----------  --------------  -------------------
/opt/airflow/dags/outcomes_dag.py                           1           0  0.37s           2023-11-20T16:27:45
================================================================================
[2023-11-20T16:28:23.296+0000] {manager.py:887} INFO - 
================================================================================
DAG File Processing Stats

File Path                          PID    Runtime      # DAGs    # Errors  Last Runtime    Last Run
---------------------------------  -----  ---------  --------  ----------  --------------  -------------------
/opt/airflow/dags/outcomes_dag.py                           1           0  0.46s           2023-11-20T16:28:16
================================================================================
[2023-11-20T16:28:53.350+0000] {manager.py:887} INFO - 
================================================================================
DAG File Processing Stats

File Path                          PID    Runtime      # DAGs    # Errors  Last Runtime    Last Run
---------------------------------  -----  ---------  --------  ----------  --------------  -------------------
/opt/airflow/dags/outcomes_dag.py                           1           0  0.34s           2023-11-20T16:28:47
================================================================================
[2023-11-20T16:29:23.641+0000] {manager.py:887} INFO - 
================================================================================
DAG File Processing Stats

File Path                          PID    Runtime      # DAGs    # Errors  Last Runtime    Last Run
---------------------------------  -----  ---------  --------  ----------  --------------  -------------------
/opt/airflow/dags/outcomes_dag.py                           1           0  0.40s           2023-11-20T16:29:17
================================================================================
[2023-11-20T16:29:50.478+0000] {manager.py:469} INFO - Exiting gracefully upon receiving signal 15
