[2023-11-19T16:16:27.978+0000] {processor.py:157} INFO - Started process (PID=35) to work on /opt/airflow/dags/outcomes_dag.py
[2023-11-19T16:16:27.979+0000] {processor.py:829} INFO - Processing file /opt/airflow/dags/outcomes_dag.py for tasks to queue
[2023-11-19T16:16:27.981+0000] {logging_mixin.py:154} INFO - [2023-11-19T16:16:27.981+0000] {dagbag.py:536} INFO - Filling up the DagBag from /opt/airflow/dags/outcomes_dag.py
[2023-11-19T16:16:28.919+0000] {processor.py:839} INFO - DAG(s) dict_keys(['outcomes_dag']) retrieved from /opt/airflow/dags/outcomes_dag.py
[2023-11-19T16:16:29.095+0000] {logging_mixin.py:154} INFO - [2023-11-19T16:16:29.094+0000] {manager.py:499} INFO - Created Permission View: %s
[2023-11-19T16:16:29.102+0000] {logging_mixin.py:154} INFO - [2023-11-19T16:16:29.102+0000] {manager.py:499} INFO - Created Permission View: %s
[2023-11-19T16:16:29.106+0000] {logging_mixin.py:154} INFO - [2023-11-19T16:16:29.106+0000] {manager.py:499} INFO - Created Permission View: %s
[2023-11-19T16:16:29.106+0000] {logging_mixin.py:154} INFO - [2023-11-19T16:16:29.106+0000] {dag.py:2941} INFO - Sync 1 DAGs
[2023-11-19T16:16:29.113+0000] {logging_mixin.py:154} INFO - [2023-11-19T16:16:29.113+0000] {dag.py:2963} INFO - Creating ORM DAG for outcomes_dag
[2023-11-19T16:16:29.120+0000] {logging_mixin.py:154} INFO - [2023-11-19T16:16:29.120+0000] {dag.py:3722} INFO - Setting next_dagrun for outcomes_dag to 2023-11-01T00:00:00+00:00, run_after=2023-11-02T00:00:00+00:00
[2023-11-19T16:16:29.131+0000] {processor.py:179} INFO - Processing /opt/airflow/dags/outcomes_dag.py took 1.156 seconds
[2023-11-19T16:16:59.272+0000] {processor.py:157} INFO - Started process (PID=48) to work on /opt/airflow/dags/outcomes_dag.py
[2023-11-19T16:16:59.273+0000] {processor.py:829} INFO - Processing file /opt/airflow/dags/outcomes_dag.py for tasks to queue
[2023-11-19T16:16:59.277+0000] {logging_mixin.py:154} INFO - [2023-11-19T16:16:59.276+0000] {dagbag.py:536} INFO - Filling up the DagBag from /opt/airflow/dags/outcomes_dag.py
[2023-11-19T16:16:59.839+0000] {processor.py:839} INFO - DAG(s) dict_keys(['outcomes_dag']) retrieved from /opt/airflow/dags/outcomes_dag.py
[2023-11-19T16:16:59.857+0000] {logging_mixin.py:154} INFO - [2023-11-19T16:16:59.857+0000] {dag.py:2941} INFO - Sync 1 DAGs
[2023-11-19T16:16:59.878+0000] {processor.py:179} INFO - Processing /opt/airflow/dags/outcomes_dag.py took 0.611 seconds
[2023-11-19T16:17:30.082+0000] {processor.py:157} INFO - Started process (PID=69) to work on /opt/airflow/dags/outcomes_dag.py
[2023-11-19T16:17:30.083+0000] {processor.py:829} INFO - Processing file /opt/airflow/dags/outcomes_dag.py for tasks to queue
[2023-11-19T16:17:30.088+0000] {logging_mixin.py:154} INFO - [2023-11-19T16:17:30.088+0000] {dagbag.py:536} INFO - Filling up the DagBag from /opt/airflow/dags/outcomes_dag.py
[2023-11-19T16:17:31.373+0000] {processor.py:839} INFO - DAG(s) dict_keys(['outcomes_dag']) retrieved from /opt/airflow/dags/outcomes_dag.py
[2023-11-19T16:17:31.403+0000] {logging_mixin.py:154} INFO - [2023-11-19T16:17:31.402+0000] {dag.py:2941} INFO - Sync 1 DAGs
[2023-11-19T16:17:31.454+0000] {processor.py:179} INFO - Processing /opt/airflow/dags/outcomes_dag.py took 1.375 seconds
[2023-11-19T16:18:02.073+0000] {processor.py:157} INFO - Started process (PID=94) to work on /opt/airflow/dags/outcomes_dag.py
[2023-11-19T16:18:02.113+0000] {processor.py:829} INFO - Processing file /opt/airflow/dags/outcomes_dag.py for tasks to queue
[2023-11-19T16:18:02.162+0000] {logging_mixin.py:154} INFO - [2023-11-19T16:18:02.162+0000] {dagbag.py:536} INFO - Filling up the DagBag from /opt/airflow/dags/outcomes_dag.py
[2023-11-19T16:18:03.894+0000] {processor.py:839} INFO - DAG(s) dict_keys(['outcomes_dag']) retrieved from /opt/airflow/dags/outcomes_dag.py
[2023-11-19T16:18:03.975+0000] {logging_mixin.py:154} INFO - [2023-11-19T16:18:03.975+0000] {dag.py:2941} INFO - Sync 1 DAGs
[2023-11-19T16:18:04.140+0000] {processor.py:179} INFO - Processing /opt/airflow/dags/outcomes_dag.py took 2.078 seconds
[2023-11-19T16:18:34.669+0000] {processor.py:157} INFO - Started process (PID=202) to work on /opt/airflow/dags/outcomes_dag.py
[2023-11-19T16:18:34.676+0000] {processor.py:829} INFO - Processing file /opt/airflow/dags/outcomes_dag.py for tasks to queue
[2023-11-19T16:18:34.688+0000] {logging_mixin.py:154} INFO - [2023-11-19T16:18:34.687+0000] {dagbag.py:536} INFO - Filling up the DagBag from /opt/airflow/dags/outcomes_dag.py
[2023-11-19T16:18:35.658+0000] {processor.py:839} INFO - DAG(s) dict_keys(['outcomes_dag']) retrieved from /opt/airflow/dags/outcomes_dag.py
[2023-11-19T16:18:35.708+0000] {logging_mixin.py:154} INFO - [2023-11-19T16:18:35.708+0000] {dag.py:2941} INFO - Sync 1 DAGs
[2023-11-19T16:18:35.754+0000] {processor.py:179} INFO - Processing /opt/airflow/dags/outcomes_dag.py took 1.102 seconds
[2023-11-19T16:19:06.053+0000] {processor.py:157} INFO - Started process (PID=238) to work on /opt/airflow/dags/outcomes_dag.py
[2023-11-19T16:19:06.054+0000] {processor.py:829} INFO - Processing file /opt/airflow/dags/outcomes_dag.py for tasks to queue
[2023-11-19T16:19:06.058+0000] {logging_mixin.py:154} INFO - [2023-11-19T16:19:06.057+0000] {dagbag.py:536} INFO - Filling up the DagBag from /opt/airflow/dags/outcomes_dag.py
[2023-11-19T16:19:06.698+0000] {processor.py:839} INFO - DAG(s) dict_keys(['outcomes_dag']) retrieved from /opt/airflow/dags/outcomes_dag.py
[2023-11-19T16:19:06.716+0000] {logging_mixin.py:154} INFO - [2023-11-19T16:19:06.716+0000] {dag.py:2941} INFO - Sync 1 DAGs
[2023-11-19T16:19:06.729+0000] {logging_mixin.py:154} INFO - [2023-11-19T16:19:06.729+0000] {dag.py:3722} INFO - Setting next_dagrun for outcomes_dag to 2023-11-19T00:00:00+00:00, run_after=2023-11-20T00:00:00+00:00
[2023-11-19T16:19:06.740+0000] {processor.py:179} INFO - Processing /opt/airflow/dags/outcomes_dag.py took 0.691 seconds
[2023-11-19T16:19:37.009+0000] {processor.py:157} INFO - Started process (PID=271) to work on /opt/airflow/dags/outcomes_dag.py
[2023-11-19T16:19:37.011+0000] {processor.py:829} INFO - Processing file /opt/airflow/dags/outcomes_dag.py for tasks to queue
[2023-11-19T16:19:37.019+0000] {logging_mixin.py:154} INFO - [2023-11-19T16:19:37.018+0000] {dagbag.py:536} INFO - Filling up the DagBag from /opt/airflow/dags/outcomes_dag.py
[2023-11-19T16:19:37.495+0000] {processor.py:839} INFO - DAG(s) dict_keys(['outcomes_dag']) retrieved from /opt/airflow/dags/outcomes_dag.py
[2023-11-19T16:19:37.514+0000] {logging_mixin.py:154} INFO - [2023-11-19T16:19:37.514+0000] {dag.py:2941} INFO - Sync 1 DAGs
[2023-11-19T16:19:37.532+0000] {logging_mixin.py:154} INFO - [2023-11-19T16:19:37.532+0000] {dag.py:3722} INFO - Setting next_dagrun for outcomes_dag to 2023-11-19T00:00:00+00:00, run_after=2023-11-20T00:00:00+00:00
[2023-11-19T16:19:37.543+0000] {processor.py:179} INFO - Processing /opt/airflow/dags/outcomes_dag.py took 0.540 seconds
[2023-11-19T16:20:07.614+0000] {processor.py:157} INFO - Started process (PID=280) to work on /opt/airflow/dags/outcomes_dag.py
[2023-11-19T16:20:07.616+0000] {processor.py:829} INFO - Processing file /opt/airflow/dags/outcomes_dag.py for tasks to queue
[2023-11-19T16:20:07.622+0000] {logging_mixin.py:154} INFO - [2023-11-19T16:20:07.622+0000] {dagbag.py:536} INFO - Filling up the DagBag from /opt/airflow/dags/outcomes_dag.py
[2023-11-19T16:20:08.111+0000] {processor.py:839} INFO - DAG(s) dict_keys(['outcomes_dag']) retrieved from /opt/airflow/dags/outcomes_dag.py
[2023-11-19T16:20:08.130+0000] {logging_mixin.py:154} INFO - [2023-11-19T16:20:08.130+0000] {dag.py:2941} INFO - Sync 1 DAGs
[2023-11-19T16:20:08.143+0000] {logging_mixin.py:154} INFO - [2023-11-19T16:20:08.143+0000] {dag.py:3722} INFO - Setting next_dagrun for outcomes_dag to 2023-11-19T00:00:00+00:00, run_after=2023-11-20T00:00:00+00:00
[2023-11-19T16:20:08.151+0000] {processor.py:179} INFO - Processing /opt/airflow/dags/outcomes_dag.py took 0.548 seconds
[2023-11-19T16:20:38.431+0000] {processor.py:157} INFO - Started process (PID=289) to work on /opt/airflow/dags/outcomes_dag.py
[2023-11-19T16:20:38.432+0000] {processor.py:829} INFO - Processing file /opt/airflow/dags/outcomes_dag.py for tasks to queue
[2023-11-19T16:20:38.438+0000] {logging_mixin.py:154} INFO - [2023-11-19T16:20:38.437+0000] {dagbag.py:536} INFO - Filling up the DagBag from /opt/airflow/dags/outcomes_dag.py
[2023-11-19T16:20:38.974+0000] {processor.py:839} INFO - DAG(s) dict_keys(['outcomes_dag']) retrieved from /opt/airflow/dags/outcomes_dag.py
[2023-11-19T16:20:38.993+0000] {logging_mixin.py:154} INFO - [2023-11-19T16:20:38.993+0000] {dag.py:2941} INFO - Sync 1 DAGs
[2023-11-19T16:20:39.007+0000] {logging_mixin.py:154} INFO - [2023-11-19T16:20:39.007+0000] {dag.py:3722} INFO - Setting next_dagrun for outcomes_dag to 2023-11-19T00:00:00+00:00, run_after=2023-11-20T00:00:00+00:00
[2023-11-19T16:20:39.016+0000] {processor.py:179} INFO - Processing /opt/airflow/dags/outcomes_dag.py took 0.599 seconds
[2023-11-19T16:21:09.299+0000] {processor.py:157} INFO - Started process (PID=298) to work on /opt/airflow/dags/outcomes_dag.py
[2023-11-19T16:21:09.300+0000] {processor.py:829} INFO - Processing file /opt/airflow/dags/outcomes_dag.py for tasks to queue
[2023-11-19T16:21:09.305+0000] {logging_mixin.py:154} INFO - [2023-11-19T16:21:09.304+0000] {dagbag.py:536} INFO - Filling up the DagBag from /opt/airflow/dags/outcomes_dag.py
[2023-11-19T16:21:09.994+0000] {processor.py:839} INFO - DAG(s) dict_keys(['outcomes_dag']) retrieved from /opt/airflow/dags/outcomes_dag.py
[2023-11-19T16:21:10.019+0000] {logging_mixin.py:154} INFO - [2023-11-19T16:21:10.018+0000] {dag.py:2941} INFO - Sync 1 DAGs
[2023-11-19T16:21:10.036+0000] {logging_mixin.py:154} INFO - [2023-11-19T16:21:10.036+0000] {dag.py:3722} INFO - Setting next_dagrun for outcomes_dag to 2023-11-19T00:00:00+00:00, run_after=2023-11-20T00:00:00+00:00
[2023-11-19T16:21:10.053+0000] {processor.py:179} INFO - Processing /opt/airflow/dags/outcomes_dag.py took 0.760 seconds
[2023-11-19T16:21:40.349+0000] {processor.py:157} INFO - Started process (PID=307) to work on /opt/airflow/dags/outcomes_dag.py
[2023-11-19T16:21:40.352+0000] {processor.py:829} INFO - Processing file /opt/airflow/dags/outcomes_dag.py for tasks to queue
[2023-11-19T16:21:40.360+0000] {logging_mixin.py:154} INFO - [2023-11-19T16:21:40.359+0000] {dagbag.py:536} INFO - Filling up the DagBag from /opt/airflow/dags/outcomes_dag.py
[2023-11-19T16:21:40.795+0000] {processor.py:839} INFO - DAG(s) dict_keys(['outcomes_dag']) retrieved from /opt/airflow/dags/outcomes_dag.py
[2023-11-19T16:21:40.811+0000] {logging_mixin.py:154} INFO - [2023-11-19T16:21:40.811+0000] {dag.py:2941} INFO - Sync 1 DAGs
[2023-11-19T16:21:40.823+0000] {logging_mixin.py:154} INFO - [2023-11-19T16:21:40.823+0000] {dag.py:3722} INFO - Setting next_dagrun for outcomes_dag to 2023-11-19T00:00:00+00:00, run_after=2023-11-20T00:00:00+00:00
[2023-11-19T16:21:40.832+0000] {processor.py:179} INFO - Processing /opt/airflow/dags/outcomes_dag.py took 0.490 seconds
[2023-11-19T16:22:11.113+0000] {processor.py:157} INFO - Started process (PID=316) to work on /opt/airflow/dags/outcomes_dag.py
[2023-11-19T16:22:11.116+0000] {processor.py:829} INFO - Processing file /opt/airflow/dags/outcomes_dag.py for tasks to queue
[2023-11-19T16:22:11.123+0000] {logging_mixin.py:154} INFO - [2023-11-19T16:22:11.122+0000] {dagbag.py:536} INFO - Filling up the DagBag from /opt/airflow/dags/outcomes_dag.py
[2023-11-19T16:22:11.585+0000] {processor.py:839} INFO - DAG(s) dict_keys(['outcomes_dag']) retrieved from /opt/airflow/dags/outcomes_dag.py
[2023-11-19T16:22:11.602+0000] {logging_mixin.py:154} INFO - [2023-11-19T16:22:11.601+0000] {dag.py:2941} INFO - Sync 1 DAGs
[2023-11-19T16:22:11.613+0000] {logging_mixin.py:154} INFO - [2023-11-19T16:22:11.613+0000] {dag.py:3722} INFO - Setting next_dagrun for outcomes_dag to 2023-11-19T00:00:00+00:00, run_after=2023-11-20T00:00:00+00:00
[2023-11-19T16:22:11.623+0000] {processor.py:179} INFO - Processing /opt/airflow/dags/outcomes_dag.py took 0.520 seconds
[2023-11-19T16:22:41.958+0000] {processor.py:157} INFO - Started process (PID=325) to work on /opt/airflow/dags/outcomes_dag.py
[2023-11-19T16:22:41.960+0000] {processor.py:829} INFO - Processing file /opt/airflow/dags/outcomes_dag.py for tasks to queue
[2023-11-19T16:22:41.966+0000] {logging_mixin.py:154} INFO - [2023-11-19T16:22:41.965+0000] {dagbag.py:536} INFO - Filling up the DagBag from /opt/airflow/dags/outcomes_dag.py
[2023-11-19T16:22:42.381+0000] {processor.py:839} INFO - DAG(s) dict_keys(['outcomes_dag']) retrieved from /opt/airflow/dags/outcomes_dag.py
[2023-11-19T16:22:42.396+0000] {logging_mixin.py:154} INFO - [2023-11-19T16:22:42.396+0000] {dag.py:2941} INFO - Sync 1 DAGs
[2023-11-19T16:22:42.408+0000] {logging_mixin.py:154} INFO - [2023-11-19T16:22:42.408+0000] {dag.py:3722} INFO - Setting next_dagrun for outcomes_dag to 2023-11-19T00:00:00+00:00, run_after=2023-11-20T00:00:00+00:00
[2023-11-19T16:22:42.417+0000] {processor.py:179} INFO - Processing /opt/airflow/dags/outcomes_dag.py took 0.465 seconds
[2023-11-19T16:23:12.704+0000] {processor.py:157} INFO - Started process (PID=334) to work on /opt/airflow/dags/outcomes_dag.py
[2023-11-19T16:23:12.705+0000] {processor.py:829} INFO - Processing file /opt/airflow/dags/outcomes_dag.py for tasks to queue
[2023-11-19T16:23:12.710+0000] {logging_mixin.py:154} INFO - [2023-11-19T16:23:12.710+0000] {dagbag.py:536} INFO - Filling up the DagBag from /opt/airflow/dags/outcomes_dag.py
[2023-11-19T16:23:13.035+0000] {processor.py:839} INFO - DAG(s) dict_keys(['outcomes_dag']) retrieved from /opt/airflow/dags/outcomes_dag.py
[2023-11-19T16:23:13.051+0000] {logging_mixin.py:154} INFO - [2023-11-19T16:23:13.051+0000] {dag.py:2941} INFO - Sync 1 DAGs
[2023-11-19T16:23:13.063+0000] {logging_mixin.py:154} INFO - [2023-11-19T16:23:13.063+0000] {dag.py:3722} INFO - Setting next_dagrun for outcomes_dag to 2023-11-19T00:00:00+00:00, run_after=2023-11-20T00:00:00+00:00
[2023-11-19T16:23:13.072+0000] {processor.py:179} INFO - Processing /opt/airflow/dags/outcomes_dag.py took 0.374 seconds
[2023-11-19T16:23:43.395+0000] {processor.py:157} INFO - Started process (PID=343) to work on /opt/airflow/dags/outcomes_dag.py
[2023-11-19T16:23:43.396+0000] {processor.py:829} INFO - Processing file /opt/airflow/dags/outcomes_dag.py for tasks to queue
[2023-11-19T16:23:43.402+0000] {logging_mixin.py:154} INFO - [2023-11-19T16:23:43.401+0000] {dagbag.py:536} INFO - Filling up the DagBag from /opt/airflow/dags/outcomes_dag.py
[2023-11-19T16:23:43.817+0000] {processor.py:839} INFO - DAG(s) dict_keys(['outcomes_dag']) retrieved from /opt/airflow/dags/outcomes_dag.py
[2023-11-19T16:23:43.849+0000] {logging_mixin.py:154} INFO - [2023-11-19T16:23:43.848+0000] {dag.py:2941} INFO - Sync 1 DAGs
[2023-11-19T16:23:43.862+0000] {logging_mixin.py:154} INFO - [2023-11-19T16:23:43.862+0000] {dag.py:3722} INFO - Setting next_dagrun for outcomes_dag to 2023-11-19T00:00:00+00:00, run_after=2023-11-20T00:00:00+00:00
[2023-11-19T16:23:43.871+0000] {processor.py:179} INFO - Processing /opt/airflow/dags/outcomes_dag.py took 0.483 seconds
[2023-11-19T16:24:14.097+0000] {processor.py:157} INFO - Started process (PID=352) to work on /opt/airflow/dags/outcomes_dag.py
[2023-11-19T16:24:14.098+0000] {processor.py:829} INFO - Processing file /opt/airflow/dags/outcomes_dag.py for tasks to queue
[2023-11-19T16:24:14.101+0000] {logging_mixin.py:154} INFO - [2023-11-19T16:24:14.101+0000] {dagbag.py:536} INFO - Filling up the DagBag from /opt/airflow/dags/outcomes_dag.py
[2023-11-19T16:24:14.599+0000] {processor.py:839} INFO - DAG(s) dict_keys(['outcomes_dag']) retrieved from /opt/airflow/dags/outcomes_dag.py
[2023-11-19T16:24:14.617+0000] {logging_mixin.py:154} INFO - [2023-11-19T16:24:14.617+0000] {dag.py:2941} INFO - Sync 1 DAGs
[2023-11-19T16:24:14.632+0000] {logging_mixin.py:154} INFO - [2023-11-19T16:24:14.632+0000] {dag.py:3722} INFO - Setting next_dagrun for outcomes_dag to 2023-11-19T00:00:00+00:00, run_after=2023-11-20T00:00:00+00:00
[2023-11-19T16:24:14.643+0000] {processor.py:179} INFO - Processing /opt/airflow/dags/outcomes_dag.py took 0.551 seconds
[2023-11-19T16:24:44.946+0000] {processor.py:157} INFO - Started process (PID=361) to work on /opt/airflow/dags/outcomes_dag.py
[2023-11-19T16:24:44.947+0000] {processor.py:829} INFO - Processing file /opt/airflow/dags/outcomes_dag.py for tasks to queue
[2023-11-19T16:24:44.953+0000] {logging_mixin.py:154} INFO - [2023-11-19T16:24:44.952+0000] {dagbag.py:536} INFO - Filling up the DagBag from /opt/airflow/dags/outcomes_dag.py
[2023-11-19T16:24:45.383+0000] {processor.py:839} INFO - DAG(s) dict_keys(['outcomes_dag']) retrieved from /opt/airflow/dags/outcomes_dag.py
[2023-11-19T16:24:45.402+0000] {logging_mixin.py:154} INFO - [2023-11-19T16:24:45.401+0000] {dag.py:2941} INFO - Sync 1 DAGs
[2023-11-19T16:24:45.416+0000] {logging_mixin.py:154} INFO - [2023-11-19T16:24:45.416+0000] {dag.py:3722} INFO - Setting next_dagrun for outcomes_dag to 2023-11-19T00:00:00+00:00, run_after=2023-11-20T00:00:00+00:00
[2023-11-19T16:24:45.427+0000] {processor.py:179} INFO - Processing /opt/airflow/dags/outcomes_dag.py took 0.488 seconds
[2023-11-19T16:25:15.651+0000] {processor.py:157} INFO - Started process (PID=370) to work on /opt/airflow/dags/outcomes_dag.py
[2023-11-19T16:25:15.652+0000] {processor.py:829} INFO - Processing file /opt/airflow/dags/outcomes_dag.py for tasks to queue
[2023-11-19T16:25:15.656+0000] {logging_mixin.py:154} INFO - [2023-11-19T16:25:15.655+0000] {dagbag.py:536} INFO - Filling up the DagBag from /opt/airflow/dags/outcomes_dag.py
[2023-11-19T16:25:16.197+0000] {processor.py:839} INFO - DAG(s) dict_keys(['outcomes_dag']) retrieved from /opt/airflow/dags/outcomes_dag.py
[2023-11-19T16:25:16.228+0000] {logging_mixin.py:154} INFO - [2023-11-19T16:25:16.228+0000] {dag.py:2941} INFO - Sync 1 DAGs
[2023-11-19T16:25:16.243+0000] {logging_mixin.py:154} INFO - [2023-11-19T16:25:16.242+0000] {dag.py:3722} INFO - Setting next_dagrun for outcomes_dag to 2023-11-19T00:00:00+00:00, run_after=2023-11-20T00:00:00+00:00
[2023-11-19T16:25:16.253+0000] {processor.py:179} INFO - Processing /opt/airflow/dags/outcomes_dag.py took 0.606 seconds
[2023-11-19T16:25:46.482+0000] {processor.py:157} INFO - Started process (PID=379) to work on /opt/airflow/dags/outcomes_dag.py
[2023-11-19T16:25:46.483+0000] {processor.py:829} INFO - Processing file /opt/airflow/dags/outcomes_dag.py for tasks to queue
[2023-11-19T16:25:46.487+0000] {logging_mixin.py:154} INFO - [2023-11-19T16:25:46.487+0000] {dagbag.py:536} INFO - Filling up the DagBag from /opt/airflow/dags/outcomes_dag.py
[2023-11-19T16:25:46.873+0000] {processor.py:839} INFO - DAG(s) dict_keys(['outcomes_dag']) retrieved from /opt/airflow/dags/outcomes_dag.py
[2023-11-19T16:25:46.890+0000] {logging_mixin.py:154} INFO - [2023-11-19T16:25:46.890+0000] {dag.py:2941} INFO - Sync 1 DAGs
[2023-11-19T16:25:46.906+0000] {logging_mixin.py:154} INFO - [2023-11-19T16:25:46.906+0000] {dag.py:3722} INFO - Setting next_dagrun for outcomes_dag to 2023-11-19T00:00:00+00:00, run_after=2023-11-20T00:00:00+00:00
[2023-11-19T16:25:46.916+0000] {processor.py:179} INFO - Processing /opt/airflow/dags/outcomes_dag.py took 0.439 seconds
[2023-11-19T16:26:17.187+0000] {processor.py:157} INFO - Started process (PID=388) to work on /opt/airflow/dags/outcomes_dag.py
[2023-11-19T16:26:17.189+0000] {processor.py:829} INFO - Processing file /opt/airflow/dags/outcomes_dag.py for tasks to queue
[2023-11-19T16:26:17.196+0000] {logging_mixin.py:154} INFO - [2023-11-19T16:26:17.195+0000] {dagbag.py:536} INFO - Filling up the DagBag from /opt/airflow/dags/outcomes_dag.py
[2023-11-19T16:26:17.699+0000] {processor.py:839} INFO - DAG(s) dict_keys(['outcomes_dag']) retrieved from /opt/airflow/dags/outcomes_dag.py
[2023-11-19T16:26:17.719+0000] {logging_mixin.py:154} INFO - [2023-11-19T16:26:17.719+0000] {dag.py:2941} INFO - Sync 1 DAGs
[2023-11-19T16:26:17.736+0000] {logging_mixin.py:154} INFO - [2023-11-19T16:26:17.736+0000] {dag.py:3722} INFO - Setting next_dagrun for outcomes_dag to 2023-11-19T00:00:00+00:00, run_after=2023-11-20T00:00:00+00:00
[2023-11-19T16:26:17.747+0000] {processor.py:179} INFO - Processing /opt/airflow/dags/outcomes_dag.py took 0.567 seconds
[2023-11-19T16:26:48.001+0000] {processor.py:157} INFO - Started process (PID=397) to work on /opt/airflow/dags/outcomes_dag.py
[2023-11-19T16:26:48.002+0000] {processor.py:829} INFO - Processing file /opt/airflow/dags/outcomes_dag.py for tasks to queue
[2023-11-19T16:26:48.005+0000] {logging_mixin.py:154} INFO - [2023-11-19T16:26:48.004+0000] {dagbag.py:536} INFO - Filling up the DagBag from /opt/airflow/dags/outcomes_dag.py
[2023-11-19T16:26:48.449+0000] {processor.py:839} INFO - DAG(s) dict_keys(['outcomes_dag']) retrieved from /opt/airflow/dags/outcomes_dag.py
[2023-11-19T16:26:48.473+0000] {logging_mixin.py:154} INFO - [2023-11-19T16:26:48.473+0000] {dag.py:2941} INFO - Sync 1 DAGs
[2023-11-19T16:26:48.487+0000] {logging_mixin.py:154} INFO - [2023-11-19T16:26:48.487+0000] {dag.py:3722} INFO - Setting next_dagrun for outcomes_dag to 2023-11-19T00:00:00+00:00, run_after=2023-11-20T00:00:00+00:00
[2023-11-19T16:26:48.497+0000] {processor.py:179} INFO - Processing /opt/airflow/dags/outcomes_dag.py took 0.500 seconds
[2023-11-19T16:27:18.755+0000] {processor.py:157} INFO - Started process (PID=406) to work on /opt/airflow/dags/outcomes_dag.py
[2023-11-19T16:27:18.757+0000] {processor.py:829} INFO - Processing file /opt/airflow/dags/outcomes_dag.py for tasks to queue
[2023-11-19T16:27:18.763+0000] {logging_mixin.py:154} INFO - [2023-11-19T16:27:18.762+0000] {dagbag.py:536} INFO - Filling up the DagBag from /opt/airflow/dags/outcomes_dag.py
[2023-11-19T16:27:19.146+0000] {processor.py:839} INFO - DAG(s) dict_keys(['outcomes_dag']) retrieved from /opt/airflow/dags/outcomes_dag.py
[2023-11-19T16:27:19.164+0000] {logging_mixin.py:154} INFO - [2023-11-19T16:27:19.163+0000] {dag.py:2941} INFO - Sync 1 DAGs
[2023-11-19T16:27:19.176+0000] {logging_mixin.py:154} INFO - [2023-11-19T16:27:19.176+0000] {dag.py:3722} INFO - Setting next_dagrun for outcomes_dag to 2023-11-19T00:00:00+00:00, run_after=2023-11-20T00:00:00+00:00
[2023-11-19T16:27:19.184+0000] {processor.py:179} INFO - Processing /opt/airflow/dags/outcomes_dag.py took 0.438 seconds
[2023-11-19T16:27:49.509+0000] {processor.py:157} INFO - Started process (PID=415) to work on /opt/airflow/dags/outcomes_dag.py
[2023-11-19T16:27:49.510+0000] {processor.py:829} INFO - Processing file /opt/airflow/dags/outcomes_dag.py for tasks to queue
[2023-11-19T16:27:49.513+0000] {logging_mixin.py:154} INFO - [2023-11-19T16:27:49.513+0000] {dagbag.py:536} INFO - Filling up the DagBag from /opt/airflow/dags/outcomes_dag.py
[2023-11-19T16:27:49.963+0000] {processor.py:839} INFO - DAG(s) dict_keys(['outcomes_dag']) retrieved from /opt/airflow/dags/outcomes_dag.py
[2023-11-19T16:27:49.983+0000] {logging_mixin.py:154} INFO - [2023-11-19T16:27:49.983+0000] {dag.py:2941} INFO - Sync 1 DAGs
[2023-11-19T16:27:49.996+0000] {logging_mixin.py:154} INFO - [2023-11-19T16:27:49.996+0000] {dag.py:3722} INFO - Setting next_dagrun for outcomes_dag to 2023-11-19T00:00:00+00:00, run_after=2023-11-20T00:00:00+00:00
[2023-11-19T16:27:50.005+0000] {processor.py:179} INFO - Processing /opt/airflow/dags/outcomes_dag.py took 0.501 seconds
[2023-11-19T16:28:20.235+0000] {processor.py:157} INFO - Started process (PID=424) to work on /opt/airflow/dags/outcomes_dag.py
[2023-11-19T16:28:20.236+0000] {processor.py:829} INFO - Processing file /opt/airflow/dags/outcomes_dag.py for tasks to queue
[2023-11-19T16:28:20.238+0000] {logging_mixin.py:154} INFO - [2023-11-19T16:28:20.237+0000] {dagbag.py:536} INFO - Filling up the DagBag from /opt/airflow/dags/outcomes_dag.py
[2023-11-19T16:28:20.585+0000] {processor.py:839} INFO - DAG(s) dict_keys(['outcomes_dag']) retrieved from /opt/airflow/dags/outcomes_dag.py
[2023-11-19T16:28:20.602+0000] {logging_mixin.py:154} INFO - [2023-11-19T16:28:20.601+0000] {dag.py:2941} INFO - Sync 1 DAGs
[2023-11-19T16:28:20.615+0000] {logging_mixin.py:154} INFO - [2023-11-19T16:28:20.615+0000] {dag.py:3722} INFO - Setting next_dagrun for outcomes_dag to 2023-11-19T00:00:00+00:00, run_after=2023-11-20T00:00:00+00:00
[2023-11-19T16:28:20.624+0000] {processor.py:179} INFO - Processing /opt/airflow/dags/outcomes_dag.py took 0.392 seconds
[2023-11-19T16:28:50.891+0000] {processor.py:157} INFO - Started process (PID=441) to work on /opt/airflow/dags/outcomes_dag.py
[2023-11-19T16:28:50.893+0000] {processor.py:829} INFO - Processing file /opt/airflow/dags/outcomes_dag.py for tasks to queue
[2023-11-19T16:28:50.896+0000] {logging_mixin.py:154} INFO - [2023-11-19T16:28:50.896+0000] {dagbag.py:536} INFO - Filling up the DagBag from /opt/airflow/dags/outcomes_dag.py
[2023-11-19T16:28:51.254+0000] {processor.py:839} INFO - DAG(s) dict_keys(['outcomes_dag']) retrieved from /opt/airflow/dags/outcomes_dag.py
[2023-11-19T16:28:51.271+0000] {logging_mixin.py:154} INFO - [2023-11-19T16:28:51.271+0000] {dag.py:2941} INFO - Sync 1 DAGs
[2023-11-19T16:28:51.284+0000] {logging_mixin.py:154} INFO - [2023-11-19T16:28:51.284+0000] {dag.py:3722} INFO - Setting next_dagrun for outcomes_dag to 2023-11-19T00:00:00+00:00, run_after=2023-11-20T00:00:00+00:00
[2023-11-19T16:28:51.293+0000] {processor.py:179} INFO - Processing /opt/airflow/dags/outcomes_dag.py took 0.409 seconds
[2023-11-19T16:29:21.588+0000] {processor.py:157} INFO - Started process (PID=450) to work on /opt/airflow/dags/outcomes_dag.py
[2023-11-19T16:29:21.590+0000] {processor.py:829} INFO - Processing file /opt/airflow/dags/outcomes_dag.py for tasks to queue
[2023-11-19T16:29:21.596+0000] {logging_mixin.py:154} INFO - [2023-11-19T16:29:21.595+0000] {dagbag.py:536} INFO - Filling up the DagBag from /opt/airflow/dags/outcomes_dag.py
[2023-11-19T16:29:21.948+0000] {processor.py:839} INFO - DAG(s) dict_keys(['outcomes_dag']) retrieved from /opt/airflow/dags/outcomes_dag.py
[2023-11-19T16:29:21.963+0000] {logging_mixin.py:154} INFO - [2023-11-19T16:29:21.963+0000] {dag.py:2941} INFO - Sync 1 DAGs
[2023-11-19T16:29:21.975+0000] {logging_mixin.py:154} INFO - [2023-11-19T16:29:21.975+0000] {dag.py:3722} INFO - Setting next_dagrun for outcomes_dag to 2023-11-19T00:00:00+00:00, run_after=2023-11-20T00:00:00+00:00
[2023-11-19T16:29:21.983+0000] {processor.py:179} INFO - Processing /opt/airflow/dags/outcomes_dag.py took 0.405 seconds
[2023-11-19T16:29:52.270+0000] {processor.py:157} INFO - Started process (PID=459) to work on /opt/airflow/dags/outcomes_dag.py
[2023-11-19T16:29:52.271+0000] {processor.py:829} INFO - Processing file /opt/airflow/dags/outcomes_dag.py for tasks to queue
[2023-11-19T16:29:52.273+0000] {logging_mixin.py:154} INFO - [2023-11-19T16:29:52.273+0000] {dagbag.py:536} INFO - Filling up the DagBag from /opt/airflow/dags/outcomes_dag.py
[2023-11-19T16:29:52.633+0000] {processor.py:839} INFO - DAG(s) dict_keys(['outcomes_dag']) retrieved from /opt/airflow/dags/outcomes_dag.py
[2023-11-19T16:29:52.649+0000] {logging_mixin.py:154} INFO - [2023-11-19T16:29:52.649+0000] {dag.py:2941} INFO - Sync 1 DAGs
[2023-11-19T16:29:52.662+0000] {logging_mixin.py:154} INFO - [2023-11-19T16:29:52.662+0000] {dag.py:3722} INFO - Setting next_dagrun for outcomes_dag to 2023-11-19T00:00:00+00:00, run_after=2023-11-20T00:00:00+00:00
[2023-11-19T16:29:52.671+0000] {processor.py:179} INFO - Processing /opt/airflow/dags/outcomes_dag.py took 0.406 seconds
[2023-11-19T16:30:22.989+0000] {processor.py:157} INFO - Started process (PID=468) to work on /opt/airflow/dags/outcomes_dag.py
[2023-11-19T16:30:22.991+0000] {processor.py:829} INFO - Processing file /opt/airflow/dags/outcomes_dag.py for tasks to queue
[2023-11-19T16:30:22.997+0000] {logging_mixin.py:154} INFO - [2023-11-19T16:30:22.996+0000] {dagbag.py:536} INFO - Filling up the DagBag from /opt/airflow/dags/outcomes_dag.py
[2023-11-19T16:30:23.290+0000] {processor.py:839} INFO - DAG(s) dict_keys(['outcomes_dag']) retrieved from /opt/airflow/dags/outcomes_dag.py
[2023-11-19T16:30:23.305+0000] {logging_mixin.py:154} INFO - [2023-11-19T16:30:23.305+0000] {dag.py:2941} INFO - Sync 1 DAGs
[2023-11-19T16:30:23.317+0000] {logging_mixin.py:154} INFO - [2023-11-19T16:30:23.317+0000] {dag.py:3722} INFO - Setting next_dagrun for outcomes_dag to 2023-11-19T00:00:00+00:00, run_after=2023-11-20T00:00:00+00:00
[2023-11-19T16:30:23.325+0000] {processor.py:179} INFO - Processing /opt/airflow/dags/outcomes_dag.py took 0.345 seconds
[2023-11-19T16:30:53.630+0000] {processor.py:157} INFO - Started process (PID=477) to work on /opt/airflow/dags/outcomes_dag.py
[2023-11-19T16:30:53.632+0000] {processor.py:829} INFO - Processing file /opt/airflow/dags/outcomes_dag.py for tasks to queue
[2023-11-19T16:30:53.635+0000] {logging_mixin.py:154} INFO - [2023-11-19T16:30:53.634+0000] {dagbag.py:536} INFO - Filling up the DagBag from /opt/airflow/dags/outcomes_dag.py
[2023-11-19T16:30:53.931+0000] {processor.py:839} INFO - DAG(s) dict_keys(['outcomes_dag']) retrieved from /opt/airflow/dags/outcomes_dag.py
[2023-11-19T16:30:53.947+0000] {logging_mixin.py:154} INFO - [2023-11-19T16:30:53.947+0000] {dag.py:2941} INFO - Sync 1 DAGs
[2023-11-19T16:30:53.958+0000] {logging_mixin.py:154} INFO - [2023-11-19T16:30:53.958+0000] {dag.py:3722} INFO - Setting next_dagrun for outcomes_dag to 2023-11-19T00:00:00+00:00, run_after=2023-11-20T00:00:00+00:00
[2023-11-19T16:30:53.966+0000] {processor.py:179} INFO - Processing /opt/airflow/dags/outcomes_dag.py took 0.340 seconds
[2023-11-19T16:31:24.248+0000] {processor.py:157} INFO - Started process (PID=486) to work on /opt/airflow/dags/outcomes_dag.py
[2023-11-19T16:31:24.249+0000] {processor.py:829} INFO - Processing file /opt/airflow/dags/outcomes_dag.py for tasks to queue
[2023-11-19T16:31:24.252+0000] {logging_mixin.py:154} INFO - [2023-11-19T16:31:24.251+0000] {dagbag.py:536} INFO - Filling up the DagBag from /opt/airflow/dags/outcomes_dag.py
[2023-11-19T16:31:24.520+0000] {processor.py:839} INFO - DAG(s) dict_keys(['outcomes_dag']) retrieved from /opt/airflow/dags/outcomes_dag.py
[2023-11-19T16:31:24.534+0000] {logging_mixin.py:154} INFO - [2023-11-19T16:31:24.534+0000] {dag.py:2941} INFO - Sync 1 DAGs
[2023-11-19T16:31:24.544+0000] {logging_mixin.py:154} INFO - [2023-11-19T16:31:24.544+0000] {dag.py:3722} INFO - Setting next_dagrun for outcomes_dag to 2023-11-19T00:00:00+00:00, run_after=2023-11-20T00:00:00+00:00
[2023-11-19T16:31:24.555+0000] {processor.py:179} INFO - Processing /opt/airflow/dags/outcomes_dag.py took 0.311 seconds
[2023-11-19T16:31:54.882+0000] {processor.py:157} INFO - Started process (PID=495) to work on /opt/airflow/dags/outcomes_dag.py
[2023-11-19T16:31:54.884+0000] {processor.py:829} INFO - Processing file /opt/airflow/dags/outcomes_dag.py for tasks to queue
[2023-11-19T16:31:54.888+0000] {logging_mixin.py:154} INFO - [2023-11-19T16:31:54.887+0000] {dagbag.py:536} INFO - Filling up the DagBag from /opt/airflow/dags/outcomes_dag.py
[2023-11-19T16:31:55.193+0000] {processor.py:839} INFO - DAG(s) dict_keys(['outcomes_dag']) retrieved from /opt/airflow/dags/outcomes_dag.py
[2023-11-19T16:31:55.206+0000] {logging_mixin.py:154} INFO - [2023-11-19T16:31:55.206+0000] {dag.py:2941} INFO - Sync 1 DAGs
[2023-11-19T16:31:55.218+0000] {logging_mixin.py:154} INFO - [2023-11-19T16:31:55.218+0000] {dag.py:3722} INFO - Setting next_dagrun for outcomes_dag to 2023-11-19T00:00:00+00:00, run_after=2023-11-20T00:00:00+00:00
[2023-11-19T16:31:55.226+0000] {processor.py:179} INFO - Processing /opt/airflow/dags/outcomes_dag.py took 0.350 seconds
[2023-11-19T16:32:25.550+0000] {processor.py:157} INFO - Started process (PID=504) to work on /opt/airflow/dags/outcomes_dag.py
[2023-11-19T16:32:25.552+0000] {processor.py:829} INFO - Processing file /opt/airflow/dags/outcomes_dag.py for tasks to queue
[2023-11-19T16:32:25.556+0000] {logging_mixin.py:154} INFO - [2023-11-19T16:32:25.556+0000] {dagbag.py:536} INFO - Filling up the DagBag from /opt/airflow/dags/outcomes_dag.py
[2023-11-19T16:32:25.827+0000] {processor.py:839} INFO - DAG(s) dict_keys(['outcomes_dag']) retrieved from /opt/airflow/dags/outcomes_dag.py
[2023-11-19T16:32:25.839+0000] {logging_mixin.py:154} INFO - [2023-11-19T16:32:25.839+0000] {dag.py:2941} INFO - Sync 1 DAGs
[2023-11-19T16:32:25.849+0000] {logging_mixin.py:154} INFO - [2023-11-19T16:32:25.849+0000] {dag.py:3722} INFO - Setting next_dagrun for outcomes_dag to 2023-11-19T00:00:00+00:00, run_after=2023-11-20T00:00:00+00:00
[2023-11-19T16:32:25.857+0000] {processor.py:179} INFO - Processing /opt/airflow/dags/outcomes_dag.py took 0.316 seconds
[2023-11-19T16:32:56.240+0000] {processor.py:157} INFO - Started process (PID=513) to work on /opt/airflow/dags/outcomes_dag.py
[2023-11-19T16:32:56.242+0000] {processor.py:829} INFO - Processing file /opt/airflow/dags/outcomes_dag.py for tasks to queue
[2023-11-19T16:32:56.246+0000] {logging_mixin.py:154} INFO - [2023-11-19T16:32:56.245+0000] {dagbag.py:536} INFO - Filling up the DagBag from /opt/airflow/dags/outcomes_dag.py
[2023-11-19T16:32:56.501+0000] {processor.py:839} INFO - DAG(s) dict_keys(['outcomes_dag']) retrieved from /opt/airflow/dags/outcomes_dag.py
[2023-11-19T16:32:56.515+0000] {logging_mixin.py:154} INFO - [2023-11-19T16:32:56.515+0000] {dag.py:2941} INFO - Sync 1 DAGs
[2023-11-19T16:32:56.527+0000] {logging_mixin.py:154} INFO - [2023-11-19T16:32:56.526+0000] {dag.py:3722} INFO - Setting next_dagrun for outcomes_dag to 2023-11-19T00:00:00+00:00, run_after=2023-11-20T00:00:00+00:00
[2023-11-19T16:32:56.535+0000] {processor.py:179} INFO - Processing /opt/airflow/dags/outcomes_dag.py took 0.301 seconds
[2023-11-19T16:33:26.814+0000] {processor.py:157} INFO - Started process (PID=522) to work on /opt/airflow/dags/outcomes_dag.py
[2023-11-19T16:33:26.817+0000] {processor.py:829} INFO - Processing file /opt/airflow/dags/outcomes_dag.py for tasks to queue
[2023-11-19T16:33:26.822+0000] {logging_mixin.py:154} INFO - [2023-11-19T16:33:26.821+0000] {dagbag.py:536} INFO - Filling up the DagBag from /opt/airflow/dags/outcomes_dag.py
[2023-11-19T16:33:27.107+0000] {processor.py:839} INFO - DAG(s) dict_keys(['outcomes_dag']) retrieved from /opt/airflow/dags/outcomes_dag.py
[2023-11-19T16:33:27.120+0000] {logging_mixin.py:154} INFO - [2023-11-19T16:33:27.120+0000] {dag.py:2941} INFO - Sync 1 DAGs
[2023-11-19T16:33:27.131+0000] {logging_mixin.py:154} INFO - [2023-11-19T16:33:27.131+0000] {dag.py:3722} INFO - Setting next_dagrun for outcomes_dag to 2023-11-19T00:00:00+00:00, run_after=2023-11-20T00:00:00+00:00
[2023-11-19T16:33:27.139+0000] {processor.py:179} INFO - Processing /opt/airflow/dags/outcomes_dag.py took 0.334 seconds
[2023-11-19T16:33:57.469+0000] {processor.py:157} INFO - Started process (PID=531) to work on /opt/airflow/dags/outcomes_dag.py
[2023-11-19T16:33:57.470+0000] {processor.py:829} INFO - Processing file /opt/airflow/dags/outcomes_dag.py for tasks to queue
[2023-11-19T16:33:57.474+0000] {logging_mixin.py:154} INFO - [2023-11-19T16:33:57.474+0000] {dagbag.py:536} INFO - Filling up the DagBag from /opt/airflow/dags/outcomes_dag.py
[2023-11-19T16:33:57.766+0000] {processor.py:839} INFO - DAG(s) dict_keys(['outcomes_dag']) retrieved from /opt/airflow/dags/outcomes_dag.py
[2023-11-19T16:33:57.781+0000] {logging_mixin.py:154} INFO - [2023-11-19T16:33:57.781+0000] {dag.py:2941} INFO - Sync 1 DAGs
[2023-11-19T16:33:57.794+0000] {logging_mixin.py:154} INFO - [2023-11-19T16:33:57.794+0000] {dag.py:3722} INFO - Setting next_dagrun for outcomes_dag to 2023-11-19T00:00:00+00:00, run_after=2023-11-20T00:00:00+00:00
[2023-11-19T16:33:57.804+0000] {processor.py:179} INFO - Processing /opt/airflow/dags/outcomes_dag.py took 0.340 seconds
[2023-11-19T16:34:28.087+0000] {processor.py:157} INFO - Started process (PID=540) to work on /opt/airflow/dags/outcomes_dag.py
[2023-11-19T16:34:28.088+0000] {processor.py:829} INFO - Processing file /opt/airflow/dags/outcomes_dag.py for tasks to queue
[2023-11-19T16:34:28.090+0000] {logging_mixin.py:154} INFO - [2023-11-19T16:34:28.090+0000] {dagbag.py:536} INFO - Filling up the DagBag from /opt/airflow/dags/outcomes_dag.py
[2023-11-19T16:34:28.382+0000] {processor.py:839} INFO - DAG(s) dict_keys(['outcomes_dag']) retrieved from /opt/airflow/dags/outcomes_dag.py
[2023-11-19T16:34:28.395+0000] {logging_mixin.py:154} INFO - [2023-11-19T16:34:28.395+0000] {dag.py:2941} INFO - Sync 1 DAGs
[2023-11-19T16:34:28.405+0000] {logging_mixin.py:154} INFO - [2023-11-19T16:34:28.405+0000] {dag.py:3722} INFO - Setting next_dagrun for outcomes_dag to 2023-11-19T00:00:00+00:00, run_after=2023-11-20T00:00:00+00:00
[2023-11-19T16:34:28.414+0000] {processor.py:179} INFO - Processing /opt/airflow/dags/outcomes_dag.py took 0.330 seconds
[2023-11-19T16:34:58.733+0000] {processor.py:157} INFO - Started process (PID=549) to work on /opt/airflow/dags/outcomes_dag.py
[2023-11-19T16:34:58.734+0000] {processor.py:829} INFO - Processing file /opt/airflow/dags/outcomes_dag.py for tasks to queue
[2023-11-19T16:34:58.738+0000] {logging_mixin.py:154} INFO - [2023-11-19T16:34:58.737+0000] {dagbag.py:536} INFO - Filling up the DagBag from /opt/airflow/dags/outcomes_dag.py
[2023-11-19T16:34:58.995+0000] {processor.py:839} INFO - DAG(s) dict_keys(['outcomes_dag']) retrieved from /opt/airflow/dags/outcomes_dag.py
[2023-11-19T16:34:59.008+0000] {logging_mixin.py:154} INFO - [2023-11-19T16:34:59.007+0000] {dag.py:2941} INFO - Sync 1 DAGs
[2023-11-19T16:34:59.018+0000] {logging_mixin.py:154} INFO - [2023-11-19T16:34:59.018+0000] {dag.py:3722} INFO - Setting next_dagrun for outcomes_dag to 2023-11-19T00:00:00+00:00, run_after=2023-11-20T00:00:00+00:00
[2023-11-19T16:34:59.026+0000] {processor.py:179} INFO - Processing /opt/airflow/dags/outcomes_dag.py took 0.300 seconds
[2023-11-19T17:07:16.153+0000] {processor.py:157} INFO - Started process (PID=551) to work on /opt/airflow/dags/outcomes_dag.py
[2023-11-19T17:07:16.157+0000] {processor.py:829} INFO - Processing file /opt/airflow/dags/outcomes_dag.py for tasks to queue
[2023-11-19T17:07:16.172+0000] {logging_mixin.py:154} INFO - [2023-11-19T17:07:16.171+0000] {dagbag.py:536} INFO - Filling up the DagBag from /opt/airflow/dags/outcomes_dag.py
[2023-11-19T17:07:17.081+0000] {processor.py:839} INFO - DAG(s) dict_keys(['outcomes_dag']) retrieved from /opt/airflow/dags/outcomes_dag.py
[2023-11-19T17:07:17.098+0000] {logging_mixin.py:154} INFO - [2023-11-19T17:07:17.098+0000] {dag.py:2941} INFO - Sync 1 DAGs
[2023-11-19T17:07:17.111+0000] {logging_mixin.py:154} INFO - [2023-11-19T17:07:17.111+0000] {dag.py:3722} INFO - Setting next_dagrun for outcomes_dag to 2023-11-19T00:00:00+00:00, run_after=2023-11-20T00:00:00+00:00
[2023-11-19T17:07:17.120+0000] {processor.py:179} INFO - Processing /opt/airflow/dags/outcomes_dag.py took 0.990 seconds
[2023-11-19T18:23:10.760+0000] {processor.py:157} INFO - Started process (PID=560) to work on /opt/airflow/dags/outcomes_dag.py
[2023-11-19T18:23:10.762+0000] {processor.py:829} INFO - Processing file /opt/airflow/dags/outcomes_dag.py for tasks to queue
[2023-11-19T18:23:10.767+0000] {logging_mixin.py:154} INFO - [2023-11-19T18:23:10.766+0000] {dagbag.py:536} INFO - Filling up the DagBag from /opt/airflow/dags/outcomes_dag.py
[2023-11-19T18:23:11.313+0000] {processor.py:839} INFO - DAG(s) dict_keys(['outcomes_dag']) retrieved from /opt/airflow/dags/outcomes_dag.py
[2023-11-19T18:23:11.328+0000] {logging_mixin.py:154} INFO - [2023-11-19T18:23:11.327+0000] {dag.py:2941} INFO - Sync 1 DAGs
[2023-11-19T18:23:11.338+0000] {logging_mixin.py:154} INFO - [2023-11-19T18:23:11.338+0000] {dag.py:3722} INFO - Setting next_dagrun for outcomes_dag to 2023-11-19T00:00:00+00:00, run_after=2023-11-20T00:00:00+00:00
[2023-11-19T18:23:11.345+0000] {processor.py:179} INFO - Processing /opt/airflow/dags/outcomes_dag.py took 0.598 seconds
[2023-11-19T19:18:32.764+0000] {processor.py:157} INFO - Started process (PID=569) to work on /opt/airflow/dags/outcomes_dag.py
[2023-11-19T19:18:32.765+0000] {processor.py:829} INFO - Processing file /opt/airflow/dags/outcomes_dag.py for tasks to queue
[2023-11-19T19:18:32.768+0000] {logging_mixin.py:154} INFO - [2023-11-19T19:18:32.767+0000] {dagbag.py:536} INFO - Filling up the DagBag from /opt/airflow/dags/outcomes_dag.py
[2023-11-19T19:18:33.149+0000] {processor.py:839} INFO - DAG(s) dict_keys(['outcomes_dag']) retrieved from /opt/airflow/dags/outcomes_dag.py
[2023-11-19T19:18:33.170+0000] {logging_mixin.py:154} INFO - [2023-11-19T19:18:33.169+0000] {dag.py:2941} INFO - Sync 1 DAGs
[2023-11-19T19:18:33.186+0000] {logging_mixin.py:154} INFO - [2023-11-19T19:18:33.185+0000] {dag.py:3722} INFO - Setting next_dagrun for outcomes_dag to 2023-11-19T00:00:00+00:00, run_after=2023-11-20T00:00:00+00:00
[2023-11-19T19:18:33.230+0000] {processor.py:179} INFO - Processing /opt/airflow/dags/outcomes_dag.py took 0.471 seconds
[2023-11-19T19:52:58.222+0000] {processor.py:157} INFO - Started process (PID=578) to work on /opt/airflow/dags/outcomes_dag.py
[2023-11-19T19:52:58.224+0000] {processor.py:829} INFO - Processing file /opt/airflow/dags/outcomes_dag.py for tasks to queue
[2023-11-19T19:52:58.233+0000] {logging_mixin.py:154} INFO - [2023-11-19T19:52:58.232+0000] {dagbag.py:536} INFO - Filling up the DagBag from /opt/airflow/dags/outcomes_dag.py
[2023-11-19T19:52:58.912+0000] {processor.py:839} INFO - DAG(s) dict_keys(['outcomes_dag']) retrieved from /opt/airflow/dags/outcomes_dag.py
[2023-11-19T19:52:58.954+0000] {logging_mixin.py:154} INFO - [2023-11-19T19:52:58.954+0000] {dag.py:2941} INFO - Sync 1 DAGs
[2023-11-19T19:52:58.976+0000] {logging_mixin.py:154} INFO - [2023-11-19T19:52:58.976+0000] {dag.py:3722} INFO - Setting next_dagrun for outcomes_dag to 2023-11-19T00:00:00+00:00, run_after=2023-11-20T00:00:00+00:00
[2023-11-19T19:52:58.987+0000] {processor.py:179} INFO - Processing /opt/airflow/dags/outcomes_dag.py took 0.776 seconds
[2023-11-19T19:53:29.414+0000] {processor.py:157} INFO - Started process (PID=587) to work on /opt/airflow/dags/outcomes_dag.py
[2023-11-19T19:53:29.416+0000] {processor.py:829} INFO - Processing file /opt/airflow/dags/outcomes_dag.py for tasks to queue
[2023-11-19T19:53:29.421+0000] {logging_mixin.py:154} INFO - [2023-11-19T19:53:29.421+0000] {dagbag.py:536} INFO - Filling up the DagBag from /opt/airflow/dags/outcomes_dag.py
[2023-11-19T19:53:29.742+0000] {processor.py:839} INFO - DAG(s) dict_keys(['outcomes_dag']) retrieved from /opt/airflow/dags/outcomes_dag.py
[2023-11-19T19:53:29.757+0000] {logging_mixin.py:154} INFO - [2023-11-19T19:53:29.757+0000] {dag.py:2941} INFO - Sync 1 DAGs
[2023-11-19T19:53:29.770+0000] {logging_mixin.py:154} INFO - [2023-11-19T19:53:29.770+0000] {dag.py:3722} INFO - Setting next_dagrun for outcomes_dag to 2023-11-19T00:00:00+00:00, run_after=2023-11-20T00:00:00+00:00
[2023-11-19T19:53:29.778+0000] {processor.py:179} INFO - Processing /opt/airflow/dags/outcomes_dag.py took 0.369 seconds
[2023-11-19T21:16:13.510+0000] {processor.py:157} INFO - Started process (PID=596) to work on /opt/airflow/dags/outcomes_dag.py
[2023-11-19T21:16:13.511+0000] {processor.py:829} INFO - Processing file /opt/airflow/dags/outcomes_dag.py for tasks to queue
[2023-11-19T21:16:13.514+0000] {logging_mixin.py:154} INFO - [2023-11-19T21:16:13.514+0000] {dagbag.py:536} INFO - Filling up the DagBag from /opt/airflow/dags/outcomes_dag.py
[2023-11-19T21:16:13.930+0000] {processor.py:839} INFO - DAG(s) dict_keys(['outcomes_dag']) retrieved from /opt/airflow/dags/outcomes_dag.py
[2023-11-19T21:16:13.968+0000] {logging_mixin.py:154} INFO - [2023-11-19T21:16:13.968+0000] {dag.py:2941} INFO - Sync 1 DAGs
[2023-11-19T21:16:14.013+0000] {logging_mixin.py:154} INFO - [2023-11-19T21:16:14.012+0000] {dag.py:3722} INFO - Setting next_dagrun for outcomes_dag to 2023-11-19T00:00:00+00:00, run_after=2023-11-20T00:00:00+00:00
[2023-11-19T21:16:14.063+0000] {processor.py:179} INFO - Processing /opt/airflow/dags/outcomes_dag.py took 0.557 seconds
[2023-11-19T22:58:11.561+0000] {processor.py:157} INFO - Started process (PID=605) to work on /opt/airflow/dags/outcomes_dag.py
[2023-11-19T22:58:11.564+0000] {processor.py:829} INFO - Processing file /opt/airflow/dags/outcomes_dag.py for tasks to queue
[2023-11-19T22:58:11.573+0000] {logging_mixin.py:154} INFO - [2023-11-19T22:58:11.572+0000] {dagbag.py:536} INFO - Filling up the DagBag from /opt/airflow/dags/outcomes_dag.py
[2023-11-19T22:58:12.222+0000] {processor.py:839} INFO - DAG(s) dict_keys(['outcomes_dag']) retrieved from /opt/airflow/dags/outcomes_dag.py
[2023-11-19T22:58:12.235+0000] {logging_mixin.py:154} INFO - [2023-11-19T22:58:12.235+0000] {dag.py:2941} INFO - Sync 1 DAGs
[2023-11-19T22:58:12.247+0000] {logging_mixin.py:154} INFO - [2023-11-19T22:58:12.246+0000] {dag.py:3722} INFO - Setting next_dagrun for outcomes_dag to 2023-11-19T00:00:00+00:00, run_after=2023-11-20T00:00:00+00:00
[2023-11-19T22:58:12.255+0000] {processor.py:179} INFO - Processing /opt/airflow/dags/outcomes_dag.py took 0.704 seconds
